#
# There is insufficient memory for the Java Runtime Environment to continue.
# Native memory allocation (mmap) failed to map 97517568 bytes for G1 virtual space
# Possible reasons:
#   The system is out of physical RAM or swap space
#   The process is running with CompressedOops enabled, and the Java Heap may be blocking the growth of the native heap
# Possible solutions:
#   Reduce memory load on the system
#   Increase physical memory or swap space
#   Check if swap backing store is full
#   Decrease Java heap size (-Xmx/-Xms)
#   Decrease number of Java threads
#   Decrease Java thread stack sizes (-Xss)
#   Set larger code cache with -XX:ReservedCodeCacheSize=
#   JVM is running with Unscaled Compressed Oops mode in which the Java heap is
#     placed in the first 4GB address space. The Java Heap base address is the
#     maximum limit for the native heap growth. Please use -XX:HeapBaseMinAddress
#     to set the Java Heap base and to place the Java Heap above 4GB virtual address.
# This output file may be truncated or incomplete.
#
#  Out of Memory Error (os_windows.cpp:3548), pid=4120, tid=15228
#
# JRE version: Java(TM) SE Runtime Environment (17.0.12+8) (build 17.0.12+8-LTS-286)
# Java VM: Java HotSpot(TM) 64-Bit Server VM (17.0.12+8-LTS-286, mixed mode, sharing, tiered, compressed oops, compressed class ptrs, g1 gc, windows-amd64)
# No core dump will be written. Minidumps are not enabled by default on client versions of Windows
#

---------------  S U M M A R Y ------------

Command Line: -Dcom.sun.management.jmxremote -Dcom.sun.management.jmxremote.port=59101 -Dcom.sun.management.jmxremote.authenticate=false -Dcom.sun.management.jmxremote.ssl=false -Dspring.jmx.enabled=true -Djava.rmi.server.hostname=localhost -Dspring.application.admin.enabled=true -Dspring.boot.project.name=safe -XX:+ShowCodeDetailsInExceptionMessages com.josiqq.safe.SafeApplication

Host: 12th Gen Intel(R) Core(TM) i5-12450H, 12 cores, 7G,  Windows 11 , 64 bit Build 26100 (10.0.26100.5074)
Time: Mon Sep 15 20:46:55 2025 Hora estándar de Argentina elapsed time: 9.736888 seconds (0d 0h 0m 9s)

---------------  T H R E A D  ---------------

Current thread (0x0000028f7f27a2d0):  VMThread "VM Thread" [stack: 0x000000a066c00000,0x000000a066d00000] [id=15228]

Stack: [0x000000a066c00000,0x000000a066d00000]
Native frames: (J=compiled Java code, j=interpreted, Vv=VM code, C=native code)
V  [jvm.dll+0x67a04a]
V  [jvm.dll+0x7da4ed]
V  [jvm.dll+0x7dbe33]
V  [jvm.dll+0x7dc4a3]
V  [jvm.dll+0x24508f]
V  [jvm.dll+0x677089]
V  [jvm.dll+0x66bd32]
V  [jvm.dll+0x301fa6]
V  [jvm.dll+0x309546]
V  [jvm.dll+0x359d2e]
V  [jvm.dll+0x359f5f]
V  [jvm.dll+0x2d9078]
V  [jvm.dll+0x2d74ad]
V  [jvm.dll+0x2d6afc]
V  [jvm.dll+0x31a65b]
V  [jvm.dll+0x7e0d9b]
V  [jvm.dll+0x7e1ad4]
V  [jvm.dll+0x7e1fed]
V  [jvm.dll+0x7e23c4]
V  [jvm.dll+0x7e2490]
V  [jvm.dll+0x78abea]
V  [jvm.dll+0x678f35]
C  [ucrtbase.dll+0x37b0]
C  [KERNEL32.DLL+0x2e8d7]
C  [ntdll.dll+0x8d9c]

VM_Operation (0x000000a0685f6f60): G1CollectForAllocation, mode: safepoint, requested by thread 0x0000028f4a2b2850


---------------  P R O C E S S  ---------------

Threads class SMR info:
_java_thread_list=0x0000028f4aada4d0, length=24, elements={
0x0000028f62fb7880, 0x0000028f7f27ec80, 0x0000028f7f281650, 0x0000028f7f296d90,
0x0000028f7f297750, 0x0000028f7f298110, 0x0000028f7f298ad0, 0x0000028f7f29b7d0,
0x0000028f7f2a4290, 0x0000028f7f2a6bc0, 0x0000028f7f26b890, 0x0000028f491a5d60,
0x0000028f491be360, 0x0000028f49790d50, 0x0000028f4977f2d0, 0x0000028f4978eb60,
0x0000028f49ad7c10, 0x0000028f4a2b2850, 0x0000028f49bb6590, 0x0000028f49bb83f0,
0x0000028f49bb7ee0, 0x0000028f49bb8e10, 0x0000028f4c95fae0, 0x0000028f4c95fff0
}

Java Threads: ( => current thread )
  0x0000028f62fb7880 JavaThread "main" [_thread_blocked, id=2152, stack(0x000000a066600000,0x000000a066700000)]
  0x0000028f7f27ec80 JavaThread "Reference Handler" daemon [_thread_blocked, id=16844, stack(0x000000a066d00000,0x000000a066e00000)]
  0x0000028f7f281650 JavaThread "Finalizer" daemon [_thread_blocked, id=14112, stack(0x000000a066e00000,0x000000a066f00000)]
  0x0000028f7f296d90 JavaThread "Signal Dispatcher" daemon [_thread_blocked, id=3164, stack(0x000000a066f00000,0x000000a067000000)]
  0x0000028f7f297750 JavaThread "Attach Listener" daemon [_thread_blocked, id=9628, stack(0x000000a067000000,0x000000a067100000)]
  0x0000028f7f298110 JavaThread "Service Thread" daemon [_thread_blocked, id=9136, stack(0x000000a067100000,0x000000a067200000)]
  0x0000028f7f298ad0 JavaThread "Monitor Deflation Thread" daemon [_thread_blocked, id=16644, stack(0x000000a067200000,0x000000a067300000)]
  0x0000028f7f29b7d0 JavaThread "C2 CompilerThread0" daemon [_thread_blocked, id=14004, stack(0x000000a067300000,0x000000a067400000)]
  0x0000028f7f2a4290 JavaThread "C1 CompilerThread0" daemon [_thread_blocked, id=2432, stack(0x000000a067400000,0x000000a067500000)]
  0x0000028f7f2a6bc0 JavaThread "Sweeper thread" daemon [_thread_blocked, id=4996, stack(0x000000a067500000,0x000000a067600000)]
  0x0000028f7f26b890 JavaThread "Common-Cleaner" daemon [_thread_blocked, id=10732, stack(0x000000a067600000,0x000000a067700000)]
  0x0000028f491a5d60 JavaThread "Notification Thread" daemon [_thread_blocked, id=2284, stack(0x000000a067700000,0x000000a067800000)]
  0x0000028f491be360 JavaThread "C2 CompilerThread1" daemon [_thread_blocked, id=10564, stack(0x000000a067800000,0x000000a067900000)]
  0x0000028f49790d50 JavaThread "RMI TCP Accept-0" daemon [_thread_in_native, id=16556, stack(0x000000a067900000,0x000000a067a00000)]
  0x0000028f4977f2d0 JavaThread "RMI TCP Accept-59101" daemon [_thread_in_native, id=3448, stack(0x000000a067a00000,0x000000a067b00000)]
  0x0000028f4978eb60 JavaThread "RMI TCP Accept-0" daemon [_thread_in_native, id=17924, stack(0x000000a067b00000,0x000000a067c00000)]
  0x0000028f49ad7c10 JavaThread "Thread-0" [_thread_blocked, id=3008, stack(0x000000a068400000,0x000000a068500000)]
  0x0000028f4a2b2850 JavaThread "restartedMain" [_thread_blocked, id=18292, stack(0x000000a068500000,0x000000a068600000)]
  0x0000028f49bb6590 JavaThread "Catalina-utility-1" [_thread_blocked, id=10460, stack(0x000000a068600000,0x000000a068700000)]
  0x0000028f49bb83f0 JavaThread "Catalina-utility-2" [_thread_blocked, id=11144, stack(0x000000a068b00000,0x000000a068c00000)]
  0x0000028f49bb7ee0 JavaThread "container-0" [_thread_blocked, id=6548, stack(0x000000a068c00000,0x000000a068d00000)]
  0x0000028f49bb8e10 JavaThread "mysql-cj-abandoned-connection-cleanup" daemon [_thread_blocked, id=4348, stack(0x000000a068d00000,0x000000a068e00000)]
  0x0000028f4c95fae0 JavaThread "HikariPool-1:housekeeper" daemon [_thread_blocked, id=8260, stack(0x000000a068f00000,0x000000a069000000)]
  0x0000028f4c95fff0 JavaThread "HikariPool-1:connection-adder" daemon [_thread_blocked, id=18180, stack(0x000000a069000000,0x000000a069100000)]

Other Threads:
=>0x0000028f7f27a2d0 VMThread "VM Thread" [stack: 0x000000a066c00000,0x000000a066d00000] [id=15228]
  0x0000028f49739850 WatcherThread [stack: 0x000000a067c00000,0x000000a067d00000] [id=14984]
  0x0000028f63016850 GCTaskThread "GC Thread#0" [stack: 0x000000a066700000,0x000000a066800000] [id=17456]
  0x0000028f49b02200 GCTaskThread "GC Thread#1" [stack: 0x000000a067d00000,0x000000a067e00000] [id=7012]
  0x0000028f49a8f880 GCTaskThread "GC Thread#2" [stack: 0x000000a067e00000,0x000000a067f00000] [id=10452]
  0x0000028f4a529f10 GCTaskThread "GC Thread#3" [stack: 0x000000a067f00000,0x000000a068000000] [id=16928]
  0x0000028f49bfeaa0 GCTaskThread "GC Thread#4" [stack: 0x000000a068000000,0x000000a068100000] [id=12500]
  0x0000028f49b4e910 GCTaskThread "GC Thread#5" [stack: 0x000000a068100000,0x000000a068200000] [id=5288]
  0x0000028f49b4ebd0 GCTaskThread "GC Thread#6" [stack: 0x000000a068200000,0x000000a068300000] [id=17796]
  0x0000028f4a3e4a10 GCTaskThread "GC Thread#7" [stack: 0x000000a068300000,0x000000a068400000] [id=16472]
  0x0000028f4abc3040 GCTaskThread "GC Thread#8" [stack: 0x000000a068700000,0x000000a068800000] [id=11896]
  0x0000028f4b80d020 GCTaskThread "GC Thread#9" [stack: 0x000000a068800000,0x000000a068900000] [id=17748]
  0x0000028f63027a30 ConcurrentGCThread "G1 Main Marker" [stack: 0x000000a066800000,0x000000a066900000] [id=14588]
  0x0000028f630292f0 ConcurrentGCThread "G1 Conc#0" [stack: 0x000000a066900000,0x000000a066a00000] [id=11952]
  0x0000028f4a7df5c0 ConcurrentGCThread "G1 Conc#1" [stack: 0x000000a068900000,0x000000a068a00000] [id=3424]
  0x0000028f4a961730 ConcurrentGCThread "G1 Conc#2" [stack: 0x000000a068a00000,0x000000a068b00000] [id=7596]
  0x0000028f6306d9b0 ConcurrentGCThread "G1 Refine#0" [stack: 0x000000a066a00000,0x000000a066b00000] [id=8416]
  0x0000028f4df22250 ConcurrentGCThread "G1 Refine#1" [stack: 0x000000a069100000,0x000000a069200000] [id=6072]
  0x0000028f6306e180 ConcurrentGCThread "G1 Service" [stack: 0x000000a066b00000,0x000000a066c00000] [id=16428]

Threads with active compile tasks:
C2 CompilerThread0     9759 8887       4       org.antlr.v4.runtime.atn.PredictionContext::getCachedContext (261 bytes)
C2 CompilerThread1     9760 8793       4       org.antlr.v4.runtime.atn.SingletonPredictionContext::equals (72 bytes)

VM state: at safepoint (normal execution)

VM Mutex/Monitor currently owned by a thread:  ([mutex/lock_event])
[0x0000028f62abc420] Threads_lock - owner thread: 0x0000028f7f27a2d0
[0x0000028f62fb65f0] Heap_lock - owner thread: 0x0000028f4a2b2850

Heap address: 0x0000000085200000, size: 1966 MB, Compressed Oops mode: 32-bit

CDS archive(s) mapped at: [0x0000028f04000000-0x0000028f04bd0000-0x0000028f04bd0000), size 12386304, SharedBaseAddress: 0x0000028f04000000, ArchiveRelocationMode: 1.
Compressed class space mapped at: 0x0000028f05000000-0x0000028f45000000, reserved size: 1073741824
Narrow klass base: 0x0000028f04000000, Narrow klass shift: 0, Narrow klass range: 0x100000000

GC Precious Log:
 CPUs: 12 total, 12 available
 Memory: 7860M
 Large Page Support: Disabled
 NUMA Support: Disabled
 Compressed Oops: Enabled (32-bit)
 Heap Region Size: 1M
 Heap Min Capacity: 8M
 Heap Initial Capacity: 124M
 Heap Max Capacity: 1966M
 Pre-touch: Disabled
 Parallel Workers: 10
 Concurrent Workers: 3
 Concurrent Refinement Workers: 10
 Periodic GC: Disabled

Heap:
 garbage-first heap   total 126976K, used 55760K [0x0000000085200000, 0x0000000100000000)
  region size 1024K, 4 young (4096K), 4 survivors (4096K)
 Metaspace       used 82642K, committed 83264K, reserved 1179648K
  class space    used 11338K, committed 11648K, reserved 1048576K

Heap Regions: E=young(eden), S=young(survivor), O=old, HS=humongous(starts), HC=humongous(continues), CS=collection set, F=free, OA=open archive, CA=closed archive, TAMS=top-at-mark-start (previous, next)
|   0|0x0000000085200000, 0x0000000085300000, 0x0000000085300000|100%|HS|  |TAMS 0x0000000085300000, 0x0000000085300000| Complete 
|   1|0x0000000085300000, 0x0000000085400000, 0x0000000085400000|100%|HS|  |TAMS 0x0000000085400000, 0x0000000085400000| Complete 
|   2|0x0000000085400000, 0x0000000085500000, 0x0000000085500000|100%| O|  |TAMS 0x0000000085500000, 0x0000000085500000| Untracked 
|   3|0x0000000085500000, 0x0000000085600000, 0x0000000085600000|100%| O|  |TAMS 0x0000000085600000, 0x0000000085600000| Untracked 
|   4|0x0000000085600000, 0x0000000085700000, 0x0000000085700000|100%| O|  |TAMS 0x0000000085700000, 0x0000000085700000| Untracked 
|   5|0x0000000085700000, 0x0000000085800000, 0x0000000085800000|100%| O|  |TAMS 0x0000000085800000, 0x0000000085800000| Untracked 
|   6|0x0000000085800000, 0x0000000085900000, 0x0000000085900000|100%| O|  |TAMS 0x0000000085900000, 0x0000000085900000| Untracked 
|   7|0x0000000085900000, 0x0000000085a00000, 0x0000000085a00000|100%| O|  |TAMS 0x0000000085a00000, 0x0000000085a00000| Untracked 
|   8|0x0000000085a00000, 0x0000000085b00000, 0x0000000085b00000|100%| O|  |TAMS 0x0000000085b00000, 0x0000000085b00000| Untracked 
|   9|0x0000000085b00000, 0x0000000085bbfa00, 0x0000000085c00000| 74%| O|  |TAMS 0x0000000085bbfa00, 0x0000000085bbfa00| Untracked 
|  10|0x0000000085c00000, 0x0000000085d00000, 0x0000000085d00000|100%| O|  |TAMS 0x0000000085d00000, 0x0000000085d00000| Untracked 
|  11|0x0000000085d00000, 0x0000000085e00000, 0x0000000085e00000|100%| O|  |TAMS 0x0000000085e00000, 0x0000000085e00000| Untracked 
|  12|0x0000000085e00000, 0x0000000085f00000, 0x0000000085f00000|100%| O|  |TAMS 0x0000000085f00000, 0x0000000085f00000| Untracked 
|  13|0x0000000085f00000, 0x0000000086000000, 0x0000000086000000|100%| O|  |TAMS 0x0000000086000000, 0x0000000086000000| Untracked 
|  14|0x0000000086000000, 0x0000000086100000, 0x0000000086100000|100%| O|  |TAMS 0x0000000086100000, 0x0000000086100000| Untracked 
|  15|0x0000000086100000, 0x0000000086200000, 0x0000000086200000|100%| O|  |TAMS 0x0000000086200000, 0x0000000086200000| Untracked 
|  16|0x0000000086200000, 0x0000000086300000, 0x0000000086300000|100%| O|  |TAMS 0x0000000086300000, 0x0000000086300000| Untracked 
|  17|0x0000000086300000, 0x0000000086400000, 0x0000000086400000|100%| O|  |TAMS 0x0000000086300000, 0x0000000086400000| Untracked 
|  18|0x0000000086400000, 0x0000000086500000, 0x0000000086500000|100%| O|  |TAMS 0x0000000086500000, 0x0000000086500000| Untracked 
|  19|0x0000000086500000, 0x0000000086600000, 0x0000000086600000|100%| O|  |TAMS 0x0000000086600000, 0x0000000086600000| Untracked 
|  20|0x0000000086600000, 0x0000000086700000, 0x0000000086700000|100%| O|  |TAMS 0x0000000086700000, 0x0000000086700000| Untracked 
|  21|0x0000000086700000, 0x0000000086800000, 0x0000000086800000|100%| O|  |TAMS 0x0000000086800000, 0x0000000086800000| Untracked 
|  22|0x0000000086800000, 0x0000000086900000, 0x0000000086900000|100%| O|  |TAMS 0x0000000086900000, 0x0000000086900000| Untracked 
|  23|0x0000000086900000, 0x0000000086a00000, 0x0000000086a00000|100%| O|  |TAMS 0x0000000086a00000, 0x0000000086a00000| Untracked 
|  24|0x0000000086a00000, 0x0000000086b00000, 0x0000000086b00000|100%| O|  |TAMS 0x0000000086b00000, 0x0000000086b00000| Untracked 
|  25|0x0000000086b00000, 0x0000000086c00000, 0x0000000086c00000|100%| O|  |TAMS 0x0000000086c00000, 0x0000000086c00000| Untracked 
|  26|0x0000000086c00000, 0x0000000086d00000, 0x0000000086d00000|100%| O|  |TAMS 0x0000000086d00000, 0x0000000086d00000| Untracked 
|  27|0x0000000086d00000, 0x0000000086e00000, 0x0000000086e00000|100%| O|  |TAMS 0x0000000086e00000, 0x0000000086e00000| Untracked 
|  28|0x0000000086e00000, 0x0000000086f00000, 0x0000000086f00000|100%| O|  |TAMS 0x0000000086f00000, 0x0000000086f00000| Untracked 
|  29|0x0000000086f00000, 0x0000000087000000, 0x0000000087000000|100%| O|  |TAMS 0x0000000087000000, 0x0000000087000000| Untracked 
|  30|0x0000000087000000, 0x0000000087100000, 0x0000000087100000|100%| O|  |TAMS 0x0000000087100000, 0x0000000087100000| Untracked 
|  31|0x0000000087100000, 0x0000000087200000, 0x0000000087200000|100%| O|  |TAMS 0x0000000087200000, 0x0000000087200000| Untracked 
|  32|0x0000000087200000, 0x0000000087300000, 0x0000000087300000|100%| O|  |TAMS 0x0000000087300000, 0x0000000087300000| Untracked 
|  33|0x0000000087300000, 0x0000000087400000, 0x0000000087400000|100%| O|  |TAMS 0x0000000087400000, 0x0000000087400000| Untracked 
|  34|0x0000000087400000, 0x0000000087500000, 0x0000000087500000|100%| O|  |TAMS 0x0000000087500000, 0x0000000087500000| Untracked 
|  35|0x0000000087500000, 0x0000000087600000, 0x0000000087600000|100%| O|  |TAMS 0x0000000087600000, 0x0000000087600000| Untracked 
|  36|0x0000000087600000, 0x0000000087700000, 0x0000000087700000|100%| O|  |TAMS 0x0000000087700000, 0x0000000087700000| Untracked 
|  37|0x0000000087700000, 0x0000000087800000, 0x0000000087800000|100%| O|  |TAMS 0x0000000087800000, 0x0000000087800000| Untracked 
|  38|0x0000000087800000, 0x0000000087900000, 0x0000000087900000|100%| O|  |TAMS 0x0000000087900000, 0x0000000087900000| Untracked 
|  39|0x0000000087900000, 0x0000000087a00000, 0x0000000087a00000|100%| O|  |TAMS 0x0000000087a00000, 0x0000000087a00000| Untracked 
|  40|0x0000000087a00000, 0x0000000087b00000, 0x0000000087b00000|100%| O|  |TAMS 0x0000000087b00000, 0x0000000087b00000| Untracked 
|  41|0x0000000087b00000, 0x0000000087c00000, 0x0000000087c00000|100%| O|  |TAMS 0x0000000087c00000, 0x0000000087c00000| Untracked 
|  42|0x0000000087c00000, 0x0000000087d00000, 0x0000000087d00000|100%| O|  |TAMS 0x0000000087d00000, 0x0000000087d00000| Untracked 
|  43|0x0000000087d00000, 0x0000000087e00000, 0x0000000087e00000|100%| O|  |TAMS 0x0000000087d88600, 0x0000000087e00000| Untracked 
|  44|0x0000000087e00000, 0x0000000087f00000, 0x0000000087f00000|100%| O|  |TAMS 0x0000000087e00000, 0x0000000087f00000| Untracked 
|  45|0x0000000087f00000, 0x0000000088000000, 0x0000000088000000|100%| O|  |TAMS 0x0000000087f00000, 0x0000000088000000| Untracked 
|  46|0x0000000088000000, 0x0000000088100000, 0x0000000088100000|100%| O|  |TAMS 0x0000000088000000, 0x0000000088100000| Untracked 
|  47|0x0000000088100000, 0x0000000088200000, 0x0000000088200000|100%| O|  |TAMS 0x0000000088100000, 0x0000000088200000| Untracked 
|  48|0x0000000088200000, 0x0000000088300000, 0x0000000088300000|100%| O|  |TAMS 0x0000000088200000, 0x0000000088300000| Untracked 
|  49|0x0000000088300000, 0x0000000088400000, 0x0000000088400000|100%| O|  |TAMS 0x0000000088300000, 0x0000000088400000| Untracked 
|  50|0x0000000088400000, 0x0000000088500000, 0x0000000088500000|100%| O|  |TAMS 0x0000000088400000, 0x0000000088500000| Untracked 
|  51|0x0000000088500000, 0x000000008851a200, 0x0000000088600000| 10%| O|  |TAMS 0x0000000088500000, 0x000000008851a200| Untracked 
|  52|0x0000000088600000, 0x0000000088600000, 0x0000000088700000|  0%| F|  |TAMS 0x0000000088600000, 0x0000000088600000| Untracked 
|  53|0x0000000088700000, 0x0000000088700000, 0x0000000088800000|  0%| F|  |TAMS 0x0000000088700000, 0x0000000088700000| Untracked 
|  54|0x0000000088800000, 0x0000000088800000, 0x0000000088900000|  0%| F|  |TAMS 0x0000000088800000, 0x0000000088800000| Untracked 
|  55|0x0000000088900000, 0x0000000088900000, 0x0000000088a00000|  0%| F|  |TAMS 0x0000000088900000, 0x0000000088900000| Untracked 
|  56|0x0000000088a00000, 0x0000000088a00000, 0x0000000088b00000|  0%| F|  |TAMS 0x0000000088a00000, 0x0000000088a00000| Untracked 
|  57|0x0000000088b00000, 0x0000000088b00000, 0x0000000088c00000|  0%| F|  |TAMS 0x0000000088b00000, 0x0000000088b00000| Untracked 
|  58|0x0000000088c00000, 0x0000000088c00000, 0x0000000088d00000|  0%| F|  |TAMS 0x0000000088c00000, 0x0000000088c00000| Untracked 
|  59|0x0000000088d00000, 0x0000000088d00000, 0x0000000088e00000|  0%| F|  |TAMS 0x0000000088d00000, 0x0000000088d00000| Untracked 
|  60|0x0000000088e00000, 0x0000000088e00000, 0x0000000088f00000|  0%| F|  |TAMS 0x0000000088e00000, 0x0000000088e00000| Untracked 
|  61|0x0000000088f00000, 0x0000000088f00000, 0x0000000089000000|  0%| F|  |TAMS 0x0000000088f00000, 0x0000000088f00000| Untracked 
|  62|0x0000000089000000, 0x0000000089000000, 0x0000000089100000|  0%| F|  |TAMS 0x0000000089000000, 0x0000000089000000| Untracked 
|  63|0x0000000089100000, 0x0000000089100000, 0x0000000089200000|  0%| F|  |TAMS 0x0000000089100000, 0x0000000089100000| Untracked 
|  64|0x0000000089200000, 0x0000000089200000, 0x0000000089300000|  0%| F|  |TAMS 0x0000000089200000, 0x0000000089200000| Untracked 
|  65|0x0000000089300000, 0x0000000089300000, 0x0000000089400000|  0%| F|  |TAMS 0x0000000089300000, 0x0000000089300000| Untracked 
|  66|0x0000000089400000, 0x0000000089400000, 0x0000000089500000|  0%| F|  |TAMS 0x0000000089400000, 0x0000000089400000| Untracked 
|  67|0x0000000089500000, 0x0000000089500000, 0x0000000089600000|  0%| F|  |TAMS 0x0000000089500000, 0x0000000089500000| Untracked 
|  68|0x0000000089600000, 0x0000000089600000, 0x0000000089700000|  0%| F|  |TAMS 0x0000000089600000, 0x0000000089600000| Untracked 
|  69|0x0000000089700000, 0x0000000089700000, 0x0000000089800000|  0%| F|  |TAMS 0x0000000089700000, 0x0000000089700000| Untracked 
|  70|0x0000000089800000, 0x000000008989a730, 0x0000000089900000| 60%| S|CS|TAMS 0x0000000089800000, 0x0000000089800000| Complete 
|  71|0x0000000089900000, 0x0000000089a00000, 0x0000000089a00000|100%| S|CS|TAMS 0x0000000089900000, 0x0000000089900000| Complete 
|  72|0x0000000089a00000, 0x0000000089b00000, 0x0000000089b00000|100%| S|CS|TAMS 0x0000000089a00000, 0x0000000089a00000| Complete 
|  73|0x0000000089b00000, 0x0000000089c00000, 0x0000000089c00000|100%| S|CS|TAMS 0x0000000089b00000, 0x0000000089b00000| Complete 
|  74|0x0000000089c00000, 0x0000000089c00000, 0x0000000089d00000|  0%| F|  |TAMS 0x0000000089c00000, 0x0000000089c00000| Untracked 
|  75|0x0000000089d00000, 0x0000000089d00000, 0x0000000089e00000|  0%| F|  |TAMS 0x0000000089d00000, 0x0000000089d00000| Untracked 
|  76|0x0000000089e00000, 0x0000000089e00000, 0x0000000089f00000|  0%| F|  |TAMS 0x0000000089e00000, 0x0000000089e00000| Untracked 
|  77|0x0000000089f00000, 0x0000000089f00000, 0x000000008a000000|  0%| F|  |TAMS 0x0000000089f00000, 0x0000000089f00000| Untracked 
|  78|0x000000008a000000, 0x000000008a000000, 0x000000008a100000|  0%| F|  |TAMS 0x000000008a000000, 0x000000008a000000| Untracked 
|  79|0x000000008a100000, 0x000000008a100000, 0x000000008a200000|  0%| F|  |TAMS 0x000000008a100000, 0x000000008a100000| Untracked 
|  80|0x000000008a200000, 0x000000008a200000, 0x000000008a300000|  0%| F|  |TAMS 0x000000008a200000, 0x000000008a200000| Untracked 
|  81|0x000000008a300000, 0x000000008a300000, 0x000000008a400000|  0%| F|  |TAMS 0x000000008a300000, 0x000000008a300000| Untracked 
|  82|0x000000008a400000, 0x000000008a400000, 0x000000008a500000|  0%| F|  |TAMS 0x000000008a400000, 0x000000008a400000| Untracked 
|  83|0x000000008a500000, 0x000000008a500000, 0x000000008a600000|  0%| F|  |TAMS 0x000000008a500000, 0x000000008a500000| Untracked 
|  84|0x000000008a600000, 0x000000008a600000, 0x000000008a700000|  0%| F|  |TAMS 0x000000008a600000, 0x000000008a600000| Untracked 
|  85|0x000000008a700000, 0x000000008a700000, 0x000000008a800000|  0%| F|  |TAMS 0x000000008a700000, 0x000000008a700000| Untracked 
|  86|0x000000008a800000, 0x000000008a800000, 0x000000008a900000|  0%| F|  |TAMS 0x000000008a800000, 0x000000008a800000| Untracked 
|  87|0x000000008a900000, 0x000000008a900000, 0x000000008aa00000|  0%| F|  |TAMS 0x000000008a900000, 0x000000008a900000| Untracked 
|  88|0x000000008aa00000, 0x000000008aa00000, 0x000000008ab00000|  0%| F|  |TAMS 0x000000008aa00000, 0x000000008aa00000| Untracked 
|  89|0x000000008ab00000, 0x000000008ab00000, 0x000000008ac00000|  0%| F|  |TAMS 0x000000008ab00000, 0x000000008ab00000| Untracked 
|  90|0x000000008ac00000, 0x000000008ac00000, 0x000000008ad00000|  0%| F|  |TAMS 0x000000008ac00000, 0x000000008ac00000| Untracked 
|  91|0x000000008ad00000, 0x000000008ad00000, 0x000000008ae00000|  0%| F|  |TAMS 0x000000008ad00000, 0x000000008ad00000| Untracked 
|  92|0x000000008ae00000, 0x000000008ae00000, 0x000000008af00000|  0%| F|  |TAMS 0x000000008ae00000, 0x000000008ae00000| Untracked 
|  93|0x000000008af00000, 0x000000008af00000, 0x000000008b000000|  0%| F|  |TAMS 0x000000008af00000, 0x000000008af00000| Untracked 
|  94|0x000000008b000000, 0x000000008b000000, 0x000000008b100000|  0%| F|  |TAMS 0x000000008b000000, 0x000000008b000000| Untracked 
|  95|0x000000008b100000, 0x000000008b100000, 0x000000008b200000|  0%| F|  |TAMS 0x000000008b100000, 0x000000008b100000| Untracked 
|  96|0x000000008b200000, 0x000000008b200000, 0x000000008b300000|  0%| F|  |TAMS 0x000000008b200000, 0x000000008b200000| Untracked 
|  97|0x000000008b300000, 0x000000008b300000, 0x000000008b400000|  0%| F|  |TAMS 0x000000008b300000, 0x000000008b300000| Untracked 
|  98|0x000000008b400000, 0x000000008b400000, 0x000000008b500000|  0%| F|  |TAMS 0x000000008b400000, 0x000000008b400000| Untracked 
|  99|0x000000008b500000, 0x000000008b500000, 0x000000008b600000|  0%| F|  |TAMS 0x000000008b500000, 0x000000008b500000| Untracked 
| 100|0x000000008b600000, 0x000000008b600000, 0x000000008b700000|  0%| F|  |TAMS 0x000000008b600000, 0x000000008b600000| Untracked 
| 101|0x000000008b700000, 0x000000008b700000, 0x000000008b800000|  0%| F|  |TAMS 0x000000008b700000, 0x000000008b700000| Untracked 
| 102|0x000000008b800000, 0x000000008b800000, 0x000000008b900000|  0%| F|  |TAMS 0x000000008b800000, 0x000000008b800000| Untracked 
| 103|0x000000008b900000, 0x000000008b900000, 0x000000008ba00000|  0%| F|  |TAMS 0x000000008b900000, 0x000000008b900000| Untracked 
| 104|0x000000008ba00000, 0x000000008ba00000, 0x000000008bb00000|  0%| F|  |TAMS 0x000000008ba00000, 0x000000008ba00000| Untracked 
| 105|0x000000008bb00000, 0x000000008bb00000, 0x000000008bc00000|  0%| F|  |TAMS 0x000000008bb00000, 0x000000008bb00000| Untracked 
| 106|0x000000008bc00000, 0x000000008bc00000, 0x000000008bd00000|  0%| F|  |TAMS 0x000000008bc00000, 0x000000008bc00000| Untracked 
| 107|0x000000008bd00000, 0x000000008bd00000, 0x000000008be00000|  0%| F|  |TAMS 0x000000008bd00000, 0x000000008bd00000| Untracked 
| 108|0x000000008be00000, 0x000000008be00000, 0x000000008bf00000|  0%| F|  |TAMS 0x000000008be00000, 0x000000008be00000| Untracked 
| 109|0x000000008bf00000, 0x000000008bf00000, 0x000000008c000000|  0%| F|  |TAMS 0x000000008bf00000, 0x000000008bf00000| Untracked 
| 110|0x000000008c000000, 0x000000008c000000, 0x000000008c100000|  0%| F|  |TAMS 0x000000008c000000, 0x000000008c000000| Untracked 
| 111|0x000000008c100000, 0x000000008c100000, 0x000000008c200000|  0%| F|  |TAMS 0x000000008c100000, 0x000000008c100000| Untracked 
| 112|0x000000008c200000, 0x000000008c200000, 0x000000008c300000|  0%| F|  |TAMS 0x000000008c200000, 0x000000008c200000| Untracked 
| 113|0x000000008c300000, 0x000000008c300000, 0x000000008c400000|  0%| F|  |TAMS 0x000000008c300000, 0x000000008c300000| Untracked 
| 114|0x000000008c400000, 0x000000008c400000, 0x000000008c500000|  0%| F|  |TAMS 0x000000008c400000, 0x000000008c400000| Untracked 
| 115|0x000000008c500000, 0x000000008c500000, 0x000000008c600000|  0%| F|  |TAMS 0x000000008c500000, 0x000000008c500000| Untracked 
| 116|0x000000008c600000, 0x000000008c600000, 0x000000008c700000|  0%| F|  |TAMS 0x000000008c600000, 0x000000008c600000| Untracked 
| 117|0x000000008c700000, 0x000000008c700000, 0x000000008c800000|  0%| F|  |TAMS 0x000000008c700000, 0x000000008c700000| Untracked 
| 118|0x000000008c800000, 0x000000008c800000, 0x000000008c900000|  0%| F|  |TAMS 0x000000008c800000, 0x000000008c800000| Untracked 
| 119|0x000000008c900000, 0x000000008c900000, 0x000000008ca00000|  0%| F|  |TAMS 0x000000008c900000, 0x000000008c900000| Untracked 
| 120|0x000000008ca00000, 0x000000008ca00000, 0x000000008cb00000|  0%| F|  |TAMS 0x000000008ca00000, 0x000000008ca00000| Untracked 
| 121|0x000000008cb00000, 0x000000008cb00000, 0x000000008cc00000|  0%| F|  |TAMS 0x000000008cb00000, 0x000000008cb00000| Untracked 
| 122|0x000000008cc00000, 0x000000008cc00000, 0x000000008cd00000|  0%| F|  |TAMS 0x000000008cc00000, 0x000000008cc00000| Untracked 
| 123|0x000000008cd00000, 0x000000008cd00000, 0x000000008ce00000|  0%| F|  |TAMS 0x000000008cd00000, 0x000000008cd00000| Untracked 

Card table byte_map: [0x0000028f7bef0000,0x0000028f7c2d0000] _byte_map_base: 0x0000028f7bac7000

Marking Bits (Prev, Next): (CMBitMap*) 0x0000028f63016eb0, (CMBitMap*) 0x0000028f63016e70
 Prev Bits: [0x0000028f00000000, 0x0000028f01eb8000)
 Next Bits: [0x0000028f7c6b0000, 0x0000028f7e568000)

Polling page: 0x0000028f62d20000

Metaspace:

Usage:
  Non-class:     69.63 MB used.
      Class:     11.07 MB used.
       Both:     80.71 MB used.

Virtual space:
  Non-class space:      128.00 MB reserved,      69.94 MB ( 55%) committed,  2 nodes.
      Class space:        1.00 GB reserved,      11.38 MB (  1%) committed,  1 nodes.
             Both:        1.12 GB reserved,      81.31 MB (  7%) committed. 

Chunk freelists:
   Non-Class:  9.78 MB
       Class:  4.48 MB
        Both:  14.26 MB

MaxMetaspaceSize: unlimited
CompressedClassSpaceSize: 1.00 GB
Initial GC threshold: 21.00 MB
Current GC threshold: 132.50 MB
CDS: on
MetaspaceReclaimPolicy: balanced
 - commit_granule_bytes: 65536.
 - commit_granule_words: 8192.
 - virtual_space_node_default_size: 8388608.
 - enlarge_chunks_in_place: 1.
 - new_chunks_are_fully_committed: 0.
 - uncommit_free_chunks: 1.
 - use_allocation_guard: 0.
 - handle_deallocations: 1.


Internal statistics:

num_allocs_failed_limit: 11.
num_arena_births: 904.
num_arena_deaths: 10.
num_vsnodes_births: 3.
num_vsnodes_deaths: 0.
num_space_committed: 1301.
num_space_uncommitted: 0.
num_chunks_returned_to_freelist: 26.
num_chunks_taken_from_freelist: 3858.
num_chunk_merges: 12.
num_chunk_splits: 2779.
num_chunks_enlarged: 2145.
num_inconsistent_stats: 0.

CodeHeap 'non-profiled nmethods': size=120000Kb used=5243Kb max_used=5243Kb free=114756Kb
 bounds [0x0000028f73950000, 0x0000028f73e70000, 0x0000028f7ae80000]
CodeHeap 'profiled nmethods': size=120000Kb used=16081Kb max_used=16081Kb free=103918Kb
 bounds [0x0000028f6be80000, 0x0000028f6ce40000, 0x0000028f733b0000]
CodeHeap 'non-nmethods': size=5760Kb used=1728Kb max_used=1785Kb free=4031Kb
 bounds [0x0000028f733b0000, 0x0000028f73620000, 0x0000028f73950000]
 total_blobs=8920 nmethods=8108 adapters=723
 compilation: enabled
              stopped_count=0, restarted_count=0
 full_count=0

Compilation events (20 events):
Event: 8.637 Thread 0x0000028f7f29b7d0 8887       4       org.antlr.v4.runtime.atn.PredictionContext::getCachedContext (261 bytes)
Event: 8.638 Thread 0x0000028f7f2a4290 nmethod 8919 0x0000028f6ce30090 code [0x0000028f6ce30320, 0x0000028f6ce31338]
Event: 8.646 Thread 0x0000028f7f2a4290 8920       3       org.antlr.v4.runtime.atn.ATNConfigSet::optimizeConfigs (71 bytes)
Event: 8.646 Thread 0x0000028f7f2a4290 nmethod 8920 0x0000028f6ce31810 code [0x0000028f6ce31a40, 0x0000028f6ce324e8]
Event: 8.646 Thread 0x0000028f7f2a4290 8921       3       java.util.HashMap::get (19 bytes)
Event: 8.646 Thread 0x0000028f7f2a4290 nmethod 8921 0x0000028f6ce32810 code [0x0000028f6ce329c0, 0x0000028f6ce32b88]
Event: 8.647 Thread 0x0000028f7f2a4290 8923   !   2       org.antlr.v4.runtime.atn.LexerATNSimulator::addDFAEdge (57 bytes)
Event: 8.647 Thread 0x0000028f7f2a4290 nmethod 8923 0x0000028f6ce32c90 code [0x0000028f6ce32e40, 0x0000028f6ce33258]
Event: 8.647 Thread 0x0000028f7f2a4290 8922       2       org.antlr.v4.runtime.misc.IntegerList::get (27 bytes)
Event: 8.647 Thread 0x0000028f7f2a4290 nmethod 8922 0x0000028f6ce33490 code [0x0000028f6ce33640, 0x0000028f6ce33848]
Event: 8.647 Thread 0x0000028f7f2a4290 8924       2       org.springframework.data.jpa.repository.query.QueryRenderer$TokenRenderer::isEmpty (10 bytes)
Event: 8.647 Thread 0x0000028f7f2a4290 nmethod 8924 0x0000028f6ce33990 code [0x0000028f6ce33b20, 0x0000028f6ce33c48]
Event: 8.647 Thread 0x0000028f7f2a4290 8925       1       org.antlr.v4.runtime.RuleContext::getParent (5 bytes)
Event: 8.647 Thread 0x0000028f7f2a4290 nmethod 8925 0x0000028f73e66690 code [0x0000028f73e66820, 0x0000028f73e668f8]
Event: 8.651 Thread 0x0000028f491be360 nmethod 8751 0x0000028f73e66990 code [0x0000028f73e66d00, 0x0000028f73e6b0f0]
Event: 8.652 Thread 0x0000028f491be360 8767       4       org.antlr.v4.runtime.atn.ParserATNSimulator::canDropLoopEntryEdgeInLeftRecursiveRule (328 bytes)
Event: 8.652 Thread 0x0000028f7f2a4290 8926   !   2       org.antlr.v4.runtime.atn.LexerATNSimulator::addDFAState (224 bytes)
Event: 8.653 Thread 0x0000028f7f2a4290 nmethod 8926 0x0000028f6ce33d10 code [0x0000028f6ce33f40, 0x0000028f6ce34868]
Event: 8.661 Thread 0x0000028f491be360 nmethod 8767 0x0000028f73e6d190 code [0x0000028f73e6d400, 0x0000028f73e6e0a8]
Event: 8.662 Thread 0x0000028f491be360 8793       4       org.antlr.v4.runtime.atn.SingletonPredictionContext::equals (72 bytes)

GC Heap History (20 events):
Event: 6.697 GC heap after
{Heap after GC invocations=21 (full 0):
 garbage-first heap   total 79872K, used 35485K [0x0000000085200000, 0x0000000100000000)
  region size 1024K, 2 young (2048K), 2 survivors (2048K)
 Metaspace       used 71611K, committed 72256K, reserved 1114112K
  class space    used 9536K, committed 9856K, reserved 1048576K
}
Event: 7.563 GC heap before
{Heap before GC invocations=22 (full 0):
 garbage-first heap   total 79872K, used 65181K [0x0000000085200000, 0x0000000100000000)
  region size 1024K, 31 young (31744K), 2 survivors (2048K)
 Metaspace       used 76457K, committed 77120K, reserved 1179648K
  class space    used 10180K, committed 10496K, reserved 1048576K
}
Event: 7.568 GC heap after
{Heap after GC invocations=23 (full 0):
 garbage-first heap   total 79872K, used 37922K [0x0000000085200000, 0x0000000100000000)
  region size 1024K, 4 young (4096K), 4 survivors (4096K)
 Metaspace       used 76457K, committed 77120K, reserved 1179648K
  class space    used 10180K, committed 10496K, reserved 1048576K
}
Event: 7.887 GC heap before
{Heap before GC invocations=23 (full 0):
 garbage-first heap   total 79872K, used 64546K [0x0000000085200000, 0x0000000100000000)
  region size 1024K, 30 young (30720K), 4 survivors (4096K)
 Metaspace       used 79054K, committed 79680K, reserved 1179648K
  class space    used 10649K, committed 10944K, reserved 1048576K
}
Event: 7.892 GC heap after
{Heap after GC invocations=24 (full 0):
 garbage-first heap   total 79872K, used 40134K [0x0000000085200000, 0x0000000100000000)
  region size 1024K, 3 young (3072K), 3 survivors (3072K)
 Metaspace       used 79054K, committed 79680K, reserved 1179648K
  class space    used 10649K, committed 10944K, reserved 1048576K
}
Event: 7.960 GC heap before
{Heap before GC invocations=24 (full 0):
 garbage-first heap   total 79872K, used 63686K [0x0000000085200000, 0x0000000100000000)
  region size 1024K, 26 young (26624K), 3 survivors (3072K)
 Metaspace       used 79091K, committed 79744K, reserved 1179648K
  class space    used 10654K, committed 10944K, reserved 1048576K
}
Event: 7.964 GC heap after
{Heap after GC invocations=25 (full 0):
 garbage-first heap   total 79872K, used 44251K [0x0000000085200000, 0x0000000100000000)
  region size 1024K, 4 young (4096K), 4 survivors (4096K)
 Metaspace       used 79091K, committed 79744K, reserved 1179648K
  class space    used 10654K, committed 10944K, reserved 1048576K
}
Event: 8.098 GC heap before
{Heap before GC invocations=26 (full 0):
 garbage-first heap   total 81920K, used 63707K [0x0000000085200000, 0x0000000100000000)
  region size 1024K, 23 young (23552K), 4 survivors (4096K)
 Metaspace       used 79988K, committed 80576K, reserved 1179648K
  class space    used 10798K, committed 11072K, reserved 1048576K
}
Event: 8.101 GC heap after
{Heap after GC invocations=27 (full 0):
 garbage-first heap   total 81920K, used 46061K [0x0000000085200000, 0x0000000100000000)
  region size 1024K, 2 young (2048K), 2 survivors (2048K)
 Metaspace       used 79988K, committed 80576K, reserved 1179648K
  class space    used 10798K, committed 11072K, reserved 1048576K
}
Event: 8.177 GC heap before
{Heap before GC invocations=27 (full 0):
 garbage-first heap   total 81920K, used 65517K [0x0000000085200000, 0x0000000100000000)
  region size 1024K, 21 young (21504K), 2 survivors (2048K)
 Metaspace       used 80797K, committed 81408K, reserved 1179648K
  class space    used 11031K, committed 11328K, reserved 1048576K
}
Event: 8.179 GC heap after
{Heap after GC invocations=28 (full 0):
 garbage-first heap   total 81920K, used 46272K [0x0000000085200000, 0x0000000100000000)
  region size 1024K, 2 young (2048K), 2 survivors (2048K)
 Metaspace       used 80797K, committed 81408K, reserved 1179648K
  class space    used 11031K, committed 11328K, reserved 1048576K
}
Event: 8.263 GC heap before
{Heap before GC invocations=29 (full 0):
 garbage-first heap   total 96256K, used 66752K [0x0000000085200000, 0x0000000100000000)
  region size 1024K, 22 young (22528K), 2 survivors (2048K)
 Metaspace       used 80793K, committed 81408K, reserved 1179648K
  class space    used 11029K, committed 11328K, reserved 1048576K
}
Event: 8.265 GC heap after
{Heap after GC invocations=30 (full 0):
 garbage-first heap   total 115712K, used 46472K [0x0000000085200000, 0x0000000100000000)
  region size 1024K, 1 young (1024K), 1 survivors (1024K)
 Metaspace       used 80793K, committed 81408K, reserved 1179648K
  class space    used 11029K, committed 11328K, reserved 1048576K
}
Event: 8.275 GC heap before
{Heap before GC invocations=30 (full 0):
 garbage-first heap   total 115712K, used 50568K [0x0000000085200000, 0x0000000100000000)
  region size 1024K, 5 young (5120K), 1 survivors (1024K)
 Metaspace       used 80795K, committed 81408K, reserved 1179648K
  class space    used 11029K, committed 11328K, reserved 1048576K
}
Event: 8.278 GC heap after
{Heap after GC invocations=31 (full 0):
 garbage-first heap   total 115712K, used 47207K [0x0000000085200000, 0x0000000100000000)
  region size 1024K, 1 young (1024K), 1 survivors (1024K)
 Metaspace       used 80795K, committed 81408K, reserved 1179648K
  class space    used 11029K, committed 11328K, reserved 1048576K
}
Event: 8.446 GC heap before
{Heap before GC invocations=31 (full 0):
 garbage-first heap   total 115712K, used 91239K [0x0000000085200000, 0x0000000100000000)
  region size 1024K, 45 young (46080K), 1 survivors (1024K)
 Metaspace       used 82192K, committed 82816K, reserved 1179648K
  class space    used 11210K, committed 11520K, reserved 1048576K
}
Event: 8.452 GC heap after
{Heap after GC invocations=32 (full 0):
 garbage-first heap   total 115712K, used 52162K [0x0000000085200000, 0x0000000100000000)
  region size 1024K, 6 young (6144K), 6 survivors (6144K)
 Metaspace       used 82192K, committed 82816K, reserved 1179648K
  class space    used 11210K, committed 11520K, reserved 1048576K
}
Event: 8.564 GC heap before
{Heap before GC invocations=32 (full 0):
 garbage-first heap   total 115712K, used 90050K [0x0000000085200000, 0x0000000100000000)
  region size 1024K, 43 young (44032K), 6 survivors (6144K)
 Metaspace       used 82488K, committed 83136K, reserved 1179648K
  class space    used 11303K, committed 11584K, reserved 1048576K
}
Event: 8.568 GC heap after
{Heap after GC invocations=33 (full 0):
 garbage-first heap   total 115712K, used 53187K [0x0000000085200000, 0x0000000100000000)
  region size 1024K, 2 young (2048K), 2 survivors (2048K)
 Metaspace       used 82488K, committed 83136K, reserved 1179648K
  class space    used 11303K, committed 11584K, reserved 1048576K
}
Event: 8.663 GC heap before
{Heap before GC invocations=33 (full 0):
 garbage-first heap   total 115712K, used 91075K [0x0000000085200000, 0x0000000100000000)
  region size 1024K, 39 young (39936K), 2 survivors (2048K)
 Metaspace       used 82642K, committed 83264K, reserved 1179648K
  class space    used 11338K, committed 11648K, reserved 1048576K
}

Deoptimization events (20 events):
Event: 8.586 Thread 0x0000028f4a2b2850 Uncommon trap: trap_request=0xffffffbe fr.pc=0x0000028f73e52504 relative=0x0000000000004e84
Event: 8.586 Thread 0x0000028f4a2b2850 Uncommon trap: reason=profile_predicate action=maybe_recompile pc=0x0000028f73e52504 method=org.antlr.v4.runtime.atn.PredictionContext.getCachedContext(Lorg/antlr/v4/runtime/atn/PredictionContext;Lorg/antlr/v4/runtime/atn/PredictionContextCache;Ljava/util
Event: 8.586 Thread 0x0000028f4a2b2850 DEOPT PACKING pc=0x0000028f73e52504 sp=0x000000a0685fab70
Event: 8.586 Thread 0x0000028f4a2b2850 DEOPT UNPACKING pc=0x0000028f734023a3 sp=0x000000a0685faad0 mode 2
Event: 8.586 Thread 0x0000028f4a2b2850 Uncommon trap: trap_request=0xffffffbe fr.pc=0x0000028f73e52504 relative=0x0000000000004e84
Event: 8.586 Thread 0x0000028f4a2b2850 Uncommon trap: reason=profile_predicate action=maybe_recompile pc=0x0000028f73e52504 method=org.antlr.v4.runtime.atn.PredictionContext.getCachedContext(Lorg/antlr/v4/runtime/atn/PredictionContext;Lorg/antlr/v4/runtime/atn/PredictionContextCache;Ljava/util
Event: 8.586 Thread 0x0000028f4a2b2850 DEOPT PACKING pc=0x0000028f73e52504 sp=0x000000a0685faa10
Event: 8.586 Thread 0x0000028f4a2b2850 DEOPT UNPACKING pc=0x0000028f734023a3 sp=0x000000a0685fa988 mode 2
Event: 8.586 Thread 0x0000028f4a2b2850 Uncommon trap: trap_request=0xffffffbe fr.pc=0x0000028f73e52504 relative=0x0000000000004e84
Event: 8.586 Thread 0x0000028f4a2b2850 Uncommon trap: reason=profile_predicate action=maybe_recompile pc=0x0000028f73e52504 method=org.antlr.v4.runtime.atn.PredictionContext.getCachedContext(Lorg/antlr/v4/runtime/atn/PredictionContext;Lorg/antlr/v4/runtime/atn/PredictionContextCache;Ljava/util
Event: 8.586 Thread 0x0000028f4a2b2850 DEOPT PACKING pc=0x0000028f73e52504 sp=0x000000a0685fab70
Event: 8.586 Thread 0x0000028f4a2b2850 DEOPT UNPACKING pc=0x0000028f734023a3 sp=0x000000a0685faad0 mode 2
Event: 8.637 Thread 0x0000028f4a2b2850 DEOPT PACKING pc=0x0000028f6cde925d sp=0x000000a0685faf00
Event: 8.637 Thread 0x0000028f4a2b2850 DEOPT UNPACKING pc=0x0000028f73402b43 sp=0x000000a0685fa3f8 mode 0
Event: 8.645 Thread 0x0000028f4a2b2850 DEOPT PACKING pc=0x0000028f6cdc0903 sp=0x000000a0685fa920
Event: 8.645 Thread 0x0000028f4a2b2850 DEOPT UNPACKING pc=0x0000028f73402b43 sp=0x000000a0685f9e08 mode 0
Event: 8.646 Thread 0x0000028f4a2b2850 Uncommon trap: trap_request=0xffffff45 fr.pc=0x0000028f739c1534 relative=0x00000000000001f4
Event: 8.646 Thread 0x0000028f4a2b2850 Uncommon trap: reason=unstable_if action=reinterpret pc=0x0000028f739c1534 method=java.util.HashMap.getNode(Ljava/lang/Object;)Ljava/util/HashMap$Node; @ 131 c2
Event: 8.646 Thread 0x0000028f4a2b2850 DEOPT PACKING pc=0x0000028f739c1534 sp=0x000000a0685fa970
Event: 8.646 Thread 0x0000028f4a2b2850 DEOPT UNPACKING pc=0x0000028f734023a3 sp=0x000000a0685fa880 mode 2

Classes unloaded (5 events):
Event: 7.981 Thread 0x0000028f7f27a2d0 Unloading class 0x0000028f05a64000 'jdk/internal/reflect/GeneratedSerializationConstructorAccessor21'
Event: 8.206 Thread 0x0000028f7f27a2d0 Unloading class 0x0000028f05a65c00 'jdk/internal/reflect/GeneratedSerializationConstructorAccessor25'
Event: 8.206 Thread 0x0000028f7f27a2d0 Unloading class 0x0000028f05a65800 'jdk/internal/reflect/GeneratedSerializationConstructorAccessor24'
Event: 8.206 Thread 0x0000028f7f27a2d0 Unloading class 0x0000028f05a65400 'jdk/internal/reflect/GeneratedSerializationConstructorAccessor23'
Event: 8.206 Thread 0x0000028f7f27a2d0 Unloading class 0x0000028f05a64c00 'jdk/internal/reflect/GeneratedSerializationConstructorAccessor22'

Classes redefined (0 events):
No events

Internal exceptions (20 events):
Event: 7.389 Thread 0x0000028f4a2b2850 Exception <a 'java/lang/reflect/InvocationTargetException'{0x000000008889bff8}> (0x000000008889bff8) 
thrown [s\open\src\hotspot\share\runtime\reflection.cpp, line 1121]
Event: 7.406 Thread 0x0000028f4a2b2850 Exception <a 'java/lang/NoSuchMethodError'{0x0000000088714b00}: 'int java.lang.invoke.DirectMethodHandle$Holder.invokeStatic(java.lang.Object, java.lang.Object, int)'> (0x0000000088714b00) 
thrown [s\open\src\hotspot\share\interpreter\linkResolver.cpp, line 759]
Event: 7.415 Thread 0x0000028f4a2b2850 Exception <a 'java/lang/IncompatibleClassChangeError'{0x0000000088759be8}: Found class java.lang.Object, but interface was expected> (0x0000000088759be8) 
thrown [s\open\src\hotspot\share\interpreter\linkResolver.cpp, line 826]
Event: 7.485 Thread 0x0000028f4a2b2850 Exception <a 'java/lang/NoSuchMethodError'{0x000000008850f658}: 'java.lang.Object java.lang.invoke.DirectMethodHandle$Holder.invokeStatic(java.lang.Object, int, java.lang.Object)'> (0x000000008850f658) 
thrown [s\open\src\hotspot\share\interpreter\linkResolver.cpp, line 759]
Event: 7.494 Thread 0x0000028f4a2b2850 Exception <a 'java/lang/reflect/InvocationTargetException'{0x0000000088548030}> (0x0000000088548030) 
thrown [s\open\src\hotspot\share\runtime\reflection.cpp, line 1121]
Event: 7.497 Thread 0x0000028f4a2b2850 Exception <a 'java/lang/reflect/InvocationTargetException'{0x0000000088558388}> (0x0000000088558388) 
thrown [s\open\src\hotspot\share\runtime\reflection.cpp, line 1121]
Event: 7.524 Thread 0x0000028f4a2b2850 Exception <a 'java/lang/NoSuchMethodError'{0x00000000884b3560}: 'int java.lang.invoke.DirectMethodHandle$Holder.invokeStaticInit(java.lang.Object, int, java.lang.Object, java.lang.Object, java.lang.Object, java.lang.Object)'> (0x00000000884b3560) 
thrown [s\open\src\hotspot\share\interpreter\linkResolver.cpp, line 759]
Event: 7.599 Thread 0x0000028f4a2b2850 Exception <a 'java/lang/reflect/InvocationTargetException'{0x000000008a75a500}> (0x000000008a75a500) 
thrown [s\open\src\hotspot\share\runtime\reflection.cpp, line 1121]
Event: 7.602 Thread 0x0000028f4a2b2850 Exception <a 'java/lang/reflect/InvocationTargetException'{0x000000008a76a590}> (0x000000008a76a590) 
thrown [s\open\src\hotspot\share\runtime\reflection.cpp, line 1121]
Event: 7.622 Thread 0x0000028f4a2b2850 Exception <a 'java/lang/reflect/InvocationTargetException'{0x000000008a565d88}> (0x000000008a565d88) 
thrown [s\open\src\hotspot\share\runtime\reflection.cpp, line 1121]
Event: 7.639 Thread 0x0000028f4a2b2850 Exception <a 'java/lang/reflect/InvocationTargetException'{0x0000000089838248}> (0x0000000089838248) 
thrown [s\open\src\hotspot\share\runtime\reflection.cpp, line 1121]
Event: 7.676 Thread 0x0000028f4a2b2850 Exception <a 'java/lang/reflect/InvocationTargetException'{0x0000000089595dd8}> (0x0000000089595dd8) 
thrown [s\open\src\hotspot\share\runtime\reflection.cpp, line 1121]
Event: 7.681 Thread 0x0000028f4a2b2850 Exception <a 'java/lang/reflect/InvocationTargetException'{0x00000000895bab40}> (0x00000000895bab40) 
thrown [s\open\src\hotspot\share\runtime\reflection.cpp, line 1121]
Event: 7.687 Thread 0x0000028f4a2b2850 Exception <a 'java/lang/reflect/InvocationTargetException'{0x00000000895f2c58}> (0x00000000895f2c58) 
thrown [s\open\src\hotspot\share\runtime\reflection.cpp, line 1121]
Event: 8.419 Thread 0x0000028f4a2b2850 Exception <a 'java/lang/reflect/InvocationTargetException'{0x000000008a023bd8}> (0x000000008a023bd8) 
thrown [s\open\src\hotspot\share\runtime\reflection.cpp, line 1121]
Event: 8.457 Thread 0x0000028f4a2b2850 Exception <a 'java/lang/reflect/InvocationTargetException'{0x000000008cd26288}> (0x000000008cd26288) 
thrown [s\open\src\hotspot\share\runtime\reflection.cpp, line 1121]
Event: 8.540 Thread 0x0000028f4a2b2850 Exception <a 'java/lang/reflect/InvocationTargetException'{0x000000008a450c60}> (0x000000008a450c60) 
thrown [s\open\src\hotspot\share\runtime\reflection.cpp, line 1121]
Event: 8.542 Thread 0x0000028f4a2b2850 Exception <a 'java/lang/reflect/InvocationTargetException'{0x000000008a4b35e0}> (0x000000008a4b35e0) 
thrown [s\open\src\hotspot\share\runtime\reflection.cpp, line 1121]
Event: 8.561 Thread 0x0000028f4a2b2850 Exception <a 'java/lang/reflect/InvocationTargetException'{0x0000000089eec738}> (0x0000000089eec738) 
thrown [s\open\src\hotspot\share\runtime\reflection.cpp, line 1121]
Event: 8.563 Thread 0x0000028f4a2b2850 Exception <a 'java/lang/reflect/InvocationTargetException'{0x0000000089efe2d8}> (0x0000000089efe2d8) 
thrown [s\open\src\hotspot\share\runtime\reflection.cpp, line 1121]

VM Operations (20 events):
Event: 8.005 Executing VM operation: G1Concurrent done
Event: 8.097 Executing VM operation: G1CollectForAllocation
Event: 8.102 Executing VM operation: G1CollectForAllocation done
Event: 8.176 Executing VM operation: G1CollectForAllocation
Event: 8.179 Executing VM operation: G1CollectForAllocation done
Event: 8.205 Executing VM operation: G1Concurrent
Event: 8.217 Executing VM operation: G1Concurrent done
Event: 8.230 Executing VM operation: G1Concurrent
Event: 8.231 Executing VM operation: G1Concurrent done
Event: 8.263 Executing VM operation: G1CollectForAllocation
Event: 8.265 Executing VM operation: G1CollectForAllocation done
Event: 8.275 Executing VM operation: G1CollectForAllocation
Event: 8.278 Executing VM operation: G1CollectForAllocation done
Event: 8.361 Executing VM operation: HandshakeAllThreads
Event: 8.361 Executing VM operation: HandshakeAllThreads done
Event: 8.446 Executing VM operation: G1CollectForAllocation
Event: 8.452 Executing VM operation: G1CollectForAllocation done
Event: 8.564 Executing VM operation: G1CollectForAllocation
Event: 8.568 Executing VM operation: G1CollectForAllocation done
Event: 8.663 Executing VM operation: G1CollectForAllocation

Events (20 events):
Event: 7.292 loading class java/util/stream/ReduceOps$CountingSink$OfRef
Event: 7.292 loading class java/util/stream/ReduceOps$CountingSink
Event: 7.292 loading class java/util/stream/ReduceOps$CountingSink done
Event: 7.292 loading class java/util/stream/ReduceOps$CountingSink$OfRef done
Event: 7.460 loading class java/util/regex/Pattern$Bound
Event: 7.460 loading class java/util/regex/Pattern$Bound done
Event: 7.461 loading class java/util/regex/Pattern$Behind
Event: 7.461 loading class java/util/regex/Pattern$Behind done
Event: 7.548 loading class sun/reflect/ReflectionFactory
Event: 7.549 loading class sun/reflect/ReflectionFactory done
Event: 7.549 loading class sun/reflect/ReflectionFactory$1
Event: 7.549 loading class sun/reflect/ReflectionFactory$1 done
Event: 7.549 loading class java/io/OptionalDataException
Event: 7.549 loading class java/io/OptionalDataException done
Event: 7.574 loading class java/util/WeakHashMap$KeyIterator
Event: 7.574 loading class java/util/WeakHashMap$KeyIterator done
Event: 7.708 loading class java/util/EmptyStackException
Event: 7.709 loading class java/util/EmptyStackException done
Event: 7.836 loading class java/util/ArrayList$ListItr
Event: 7.836 loading class java/util/ArrayList$ListItr done


Dynamic libraries:
0x00007ff673ce0000 - 0x00007ff673cf0000 	C:\Program Files\Java\jdk-17\bin\java.exe
0x00007ffcb4860000 - 0x00007ffcb4ac9000 	C:\WINDOWS\SYSTEM32\ntdll.dll
0x00007ffcb3870000 - 0x00007ffcb3939000 	C:\WINDOWS\System32\KERNEL32.DLL
0x00007ffcb1b60000 - 0x00007ffcb1f53000 	C:\WINDOWS\System32\KERNELBASE.dll
0x00007ffcb2380000 - 0x00007ffcb24cb000 	C:\WINDOWS\System32\ucrtbase.dll
0x00007ffca6ce0000 - 0x00007ffca6cf9000 	C:\Program Files\Java\jdk-17\bin\jli.dll
0x00007ffc924d0000 - 0x00007ffc924eb000 	C:\Program Files\Java\jdk-17\bin\VCRUNTIME140.dll
0x00007ffcb3f70000 - 0x00007ffcb4024000 	C:\WINDOWS\System32\ADVAPI32.dll
0x00007ffcb4030000 - 0x00007ffcb40d9000 	C:\WINDOWS\System32\msvcrt.dll
0x00007ffcb3e90000 - 0x00007ffcb3f36000 	C:\WINDOWS\System32\sechost.dll
0x00007ffcb3750000 - 0x00007ffcb3868000 	C:\WINDOWS\System32\RPCRT4.dll
0x00007ffcb3bf0000 - 0x00007ffcb3db4000 	C:\WINDOWS\System32\USER32.dll
0x00007ffcb1b30000 - 0x00007ffcb1b57000 	C:\WINDOWS\System32\win32u.dll
0x00007ffcb3f40000 - 0x00007ffcb3f6b000 	C:\WINDOWS\System32\GDI32.dll
0x00007ffc8ecb0000 - 0x00007ffc8ef43000 	C:\WINDOWS\WinSxS\amd64_microsoft.windows.common-controls_6595b64144ccf1df_6.0.26100.5074_none_3e0d6f78e32fd63f\COMCTL32.dll
0x00007ffcb20e0000 - 0x00007ffcb220d000 	C:\WINDOWS\System32\gdi32full.dll
0x00007ffcb19f0000 - 0x00007ffcb1a93000 	C:\WINDOWS\System32\msvcp_win.dll
0x00007ffca47c0000 - 0x00007ffca47cb000 	C:\WINDOWS\SYSTEM32\VERSION.dll
0x00007ffcb3710000 - 0x00007ffcb373f000 	C:\WINDOWS\System32\IMM32.DLL
0x00007ffcac700000 - 0x00007ffcac70c000 	C:\Program Files\Java\jdk-17\bin\vcruntime140_1.dll
0x00007ffc8f670000 - 0x00007ffc8f6fe000 	C:\Program Files\Java\jdk-17\bin\msvcp140.dll
0x00007ffc41c60000 - 0x00007ffc42840000 	C:\Program Files\Java\jdk-17\bin\server\jvm.dll
0x00007ffcb4810000 - 0x00007ffcb4818000 	C:\WINDOWS\System32\PSAPI.DLL
0x00007ffca5030000 - 0x00007ffca5065000 	C:\WINDOWS\SYSTEM32\WINMM.dll
0x00007ffca6d40000 - 0x00007ffca6d4a000 	C:\WINDOWS\SYSTEM32\WSOCK32.dll
0x00007ffcb3ae0000 - 0x00007ffcb3b54000 	C:\WINDOWS\System32\WS2_32.dll
0x00007ffcb07d0000 - 0x00007ffcb07eb000 	C:\WINDOWS\SYSTEM32\kernel.appcore.dll
0x00007ffcac510000 - 0x00007ffcac51a000 	C:\Program Files\Java\jdk-17\bin\jimage.dll
0x00007ffcaf080000 - 0x00007ffcaf2c2000 	C:\WINDOWS\SYSTEM32\DBGHELP.DLL
0x00007ffcb4320000 - 0x00007ffcb469b000 	C:\WINDOWS\System32\combase.dll
0x00007ffcb46a0000 - 0x00007ffcb4777000 	C:\WINDOWS\System32\OLEAUT32.dll
0x00007ffc8ca20000 - 0x00007ffc8ca5d000 	C:\WINDOWS\SYSTEM32\dbgcore.DLL
0x00007ffcb24d0000 - 0x00007ffcb2569000 	C:\WINDOWS\System32\bcryptPrimitives.dll
0x00007ffc90030000 - 0x00007ffc90055000 	C:\Program Files\Java\jdk-17\bin\java.dll
0x00007ffc45160000 - 0x00007ffc45237000 	C:\Program Files\Java\jdk-17\bin\jsvml.dll
0x00007ffcb2a30000 - 0x00007ffcb317d000 	C:\WINDOWS\System32\SHELL32.dll
0x00007ffcb2210000 - 0x00007ffcb237c000 	C:\WINDOWS\System32\wintypes.dll
0x00007ffcaf620000 - 0x00007ffcafe79000 	C:\WINDOWS\SYSTEM32\windows.storage.dll
0x00007ffcb3610000 - 0x00007ffcb3700000 	C:\WINDOWS\System32\SHCORE.dll
0x00007ffcb27c0000 - 0x00007ffcb2822000 	C:\WINDOWS\System32\shlwapi.dll
0x00007ffcb1910000 - 0x00007ffcb1939000 	C:\WINDOWS\SYSTEM32\profapi.dll
0x00007ffc924b0000 - 0x00007ffc924c9000 	C:\Program Files\Java\jdk-17\bin\net.dll
0x00007ffca4c20000 - 0x00007ffca4d3f000 	C:\WINDOWS\SYSTEM32\WINHTTP.dll
0x00007ffcb0d50000 - 0x00007ffcb0dbb000 	C:\WINDOWS\system32\mswsock.dll
0x00007ffc8ff20000 - 0x00007ffc8ff36000 	C:\Program Files\Java\jdk-17\bin\nio.dll
0x00007ffc8f880000 - 0x00007ffc8f898000 	C:\Program Files\Java\jdk-17\bin\zip.dll
0x00007ffca6d10000 - 0x00007ffca6d1a000 	C:\Program Files\Java\jdk-17\bin\management.dll
0x00007ffc9e750000 - 0x00007ffc9e75b000 	C:\Program Files\Java\jdk-17\bin\management_ext.dll
0x00007ffc83e50000 - 0x00007ffc83e68000 	C:\WINDOWS\system32\napinsp.dll
0x00007ffcb0290000 - 0x00007ffcb03b6000 	C:\WINDOWS\SYSTEM32\DNSAPI.dll
0x00007ffcb0250000 - 0x00007ffcb0284000 	C:\WINDOWS\SYSTEM32\IPHLPAPI.DLL
0x00007ffcb2650000 - 0x00007ffcb265a000 	C:\WINDOWS\System32\NSI.dll
0x00007ffc83e30000 - 0x00007ffc83e42000 	C:\WINDOWS\System32\winrnr.dll
0x00007ffca47a0000 - 0x00007ffca47b6000 	C:\WINDOWS\system32\wshbth.dll
0x00007ffc83ce0000 - 0x00007ffc83d08000 	C:\WINDOWS\system32\nlansp_c.dll
0x00007ffca8540000 - 0x00007ffca854b000 	C:\Windows\System32\rasadhlp.dll
0x00007ffca8bb0000 - 0x00007ffca8c36000 	C:\WINDOWS\System32\fwpuclnt.dll
0x00007ffcb0ff0000 - 0x00007ffcb100b000 	C:\WINDOWS\SYSTEM32\CRYPTSP.dll
0x00007ffcb0730000 - 0x00007ffcb076b000 	C:\WINDOWS\system32\rsaenh.dll
0x00007ffcb0df0000 - 0x00007ffcb0e1b000 	C:\WINDOWS\SYSTEM32\USERENV.dll
0x00007ffcb18e0000 - 0x00007ffcb1906000 	C:\WINDOWS\SYSTEM32\bcrypt.dll
0x00007ffcb1010000 - 0x00007ffcb101c000 	C:\WINDOWS\SYSTEM32\CRYPTBASE.dll
0x00007ffca88c0000 - 0x00007ffca88de000 	C:\WINDOWS\SYSTEM32\dhcpcsvc6.DLL
0x00007ffca8700000 - 0x00007ffca8723000 	C:\WINDOWS\SYSTEM32\dhcpcsvc.DLL
0x00007ffc9aef0000 - 0x00007ffc9aefe000 	C:\Program Files\Java\jdk-17\bin\sunmscapi.dll
0x00007ffcb1f60000 - 0x00007ffcb20d7000 	C:\WINDOWS\System32\CRYPT32.dll
0x00007ffcb1210000 - 0x00007ffcb1240000 	C:\WINDOWS\SYSTEM32\ncrypt.dll
0x00007ffcb11c0000 - 0x00007ffcb11ff000 	C:\WINDOWS\SYSTEM32\NTASN1.dll
0x00007ffc92470000 - 0x00007ffc92480000 	C:\Program Files\Java\jdk-17\bin\verify.dll

dbghelp: loaded successfully - version: 4.0.5 - missing functions: none
symbol engine: initialized successfully - sym options: 0x614 - pdb path: .;C:\Program Files\Java\jdk-17\bin;C:\WINDOWS\SYSTEM32;C:\WINDOWS\WinSxS\amd64_microsoft.windows.common-controls_6595b64144ccf1df_6.0.26100.5074_none_3e0d6f78e32fd63f;C:\Program Files\Java\jdk-17\bin\server

VM Arguments:
jvm_args: -Dcom.sun.management.jmxremote -Dcom.sun.management.jmxremote.port=59101 -Dcom.sun.management.jmxremote.authenticate=false -Dcom.sun.management.jmxremote.ssl=false -Dspring.jmx.enabled=true -Djava.rmi.server.hostname=localhost -Dspring.application.admin.enabled=true -Dspring.boot.project.name=safe -XX:+ShowCodeDetailsInExceptionMessages 
java_command: com.josiqq.safe.SafeApplication
java_class_path (initial): C:\Users\josiw\Desktop\SAFE\target\classes;C:\Users\josiw\.m2\repository\org\springframework\boot\spring-boot-starter-data-jpa\3.5.4\spring-boot-starter-data-jpa-3.5.4.jar;C:\Users\josiw\.m2\repository\org\springframework\boot\spring-boot-starter\3.5.4\spring-boot-starter-3.5.4.jar;C:\Users\josiw\.m2\repository\org\springframework\boot\spring-boot-starter-logging\3.5.4\spring-boot-starter-logging-3.5.4.jar;C:\Users\josiw\.m2\repository\ch\qos\logback\logback-classic\1.5.18\logback-classic-1.5.18.jar;C:\Users\josiw\.m2\repository\ch\qos\logback\logback-core\1.5.18\logback-core-1.5.18.jar;C:\Users\josiw\.m2\repository\org\apache\logging\log4j\log4j-to-slf4j\2.24.3\log4j-to-slf4j-2.24.3.jar;C:\Users\josiw\.m2\repository\org\apache\logging\log4j\log4j-api\2.24.3\log4j-api-2.24.3.jar;C:\Users\josiw\.m2\repository\org\slf4j\jul-to-slf4j\2.0.17\jul-to-slf4j-2.0.17.jar;C:\Users\josiw\.m2\repository\jakarta\annotation\jakarta.annotation-api\2.1.1\jakarta.annotation-api-2.1.1.jar;C:\Users\josiw\.m2\repository\org\yaml\snakeyaml\2.4\snakeyaml-2.4.jar;C:\Users\josiw\.m2\repository\org\springframework\boot\spring-boot-starter-jdbc\3.5.4\spring-boot-starter-jdbc-3.5.4.jar;C:\Users\josiw\.m2\repository\com\zaxxer\HikariCP\6.3.1\HikariCP-6.3.1.jar;C:\Users\josiw\.m2\repository\org\springframework\spring-jdbc\6.2.9\spring-jdbc-6.2.9.jar;C:\Users\josiw\.m2\repository\org\hibernate\orm\hibernate-core\6.6.22.Final\hibernate-core-6.6.22.Final.jar;C:\Users\josiw\.m2\repository\jakarta\persistence\jakarta.persistence-api\3.1.0\jakarta.persistence-api-3.1.0.jar;C:\Users\josiw\.m2\repository\jakarta\transaction\jakarta.transaction-api\2.0.1\jakarta.transaction-api-2.0.1.jar;C:\Users\josiw\.m2\repository\org\jboss\logging\jboss-logging\3.6.1.Final\jboss-logging-3.6.1.Final.jar;C:\Users\josiw\.m2\repository\org\hibernate\common\hibernate-commons-annotations\7.0.3.Final\hibernate-commons-annotations-7.0.3.Final.jar;C:\Users\josiw\.m2\repository\io\smallrye\jandex\3
Launcher Type: SUN_STANDARD

[Global flags]
     intx CICompilerCount                          = 4                                         {product} {ergonomic}
     uint ConcGCThreads                            = 3                                         {product} {ergonomic}
     uint G1ConcRefinementThreads                  = 10                                        {product} {ergonomic}
   size_t G1HeapRegionSize                         = 1048576                                   {product} {ergonomic}
    uintx GCDrainStackTargetSize                   = 64                                        {product} {ergonomic}
   size_t InitialHeapSize                          = 130023424                                 {product} {ergonomic}
     bool ManagementServer                         = true                                      {product} {command line}
   size_t MarkStackSize                            = 4194304                                   {product} {ergonomic}
   size_t MaxHeapSize                              = 2061500416                                {product} {ergonomic}
   size_t MaxNewSize                               = 1236271104                                {product} {ergonomic}
   size_t MinHeapDeltaBytes                        = 1048576                                   {product} {ergonomic}
   size_t MinHeapSize                              = 8388608                                   {product} {ergonomic}
    uintx NonNMethodCodeHeapSize                   = 5839372                                {pd product} {ergonomic}
    uintx NonProfiledCodeHeapSize                  = 122909434                              {pd product} {ergonomic}
    uintx ProfiledCodeHeapSize                     = 122909434                              {pd product} {ergonomic}
    uintx ReservedCodeCacheSize                    = 251658240                              {pd product} {ergonomic}
     bool SegmentedCodeCache                       = true                                      {product} {ergonomic}
     bool ShowCodeDetailsInExceptionMessages       = true                                   {manageable} {command line}
   size_t SoftMaxHeapSize                          = 2061500416                             {manageable} {ergonomic}
     bool UseCompressedClassPointers               = true                           {product lp64_product} {ergonomic}
     bool UseCompressedOops                        = true                           {product lp64_product} {ergonomic}
     bool UseG1GC                                  = true                                      {product} {ergonomic}
     bool UseLargePagesIndividualAllocation        = false                                  {pd product} {ergonomic}

Logging:
Log output configuration:
 #0: stdout all=warning uptime,level,tags
 #1: stderr all=off uptime,level,tags

Environment Variables:
PATH=C:\Program Files\Common Files\Oracle\Java\javapath;C:\windows\system32;C:\windows;C:\windows\System32\Wbem;C:\windows\System32\WindowsPowerShell\v1.0\;C:\windows\System32\OpenSSH\;C:\Program Files (x86)\NVIDIA Corporation\PhysX\Common;C:\Program Files\NVIDIA Corporation\NVIDIA NvDLISR;C:\WINDOWS\system32;C:\WINDOWS;C:\WINDOWS\System32\Wbem;C:\WINDOWS\System32\WindowsPowerShell\v1.0\;C:\WINDOWS\System32\OpenSSH\;C:\Program Files\Git\cmd;C:\Users\josiw\Downloads\apache-maven-3.9.11\bin;C:\Program Files\nodejs\;C:\Users\josiw\AppData\Local\Programs\Python\Python313\Scripts\;C:\Users\josiw\AppData\Local\Programs\Python\Python313\;C:\Users\josiw\AppData\Local\Microsoft\WindowsApps;C:\Users\josiw\AppData\Local\Programs\Windsurf\bin;C:\Users\josiw\AppData\Local\spicetify;C:\Users\josiw\AppData\Roaming\npm
USERNAME=josiw
LANG=es_ES.UTF-8
OS=Windows_NT
PROCESSOR_IDENTIFIER=Intel64 Family 6 Model 154 Stepping 3, GenuineIntel



---------------  S Y S T E M  ---------------

OS:
 Windows 11 , 64 bit Build 26100 (10.0.26100.5074)
OS uptime: 0 days 2:56 hours
Hyper-V role detected

CPU: total 12 (initial active 12) (6 cores per cpu, 2 threads per core) family 6 model 154 stepping 3 microcode 0x437, cx8, cmov, fxsr, ht, mmx, 3dnowpref, sse, sse2, sse3, ssse3, sse4.1, sse4.2, popcnt, lzcnt, tsc, tscinvbit, avx, avx2, aes, erms, clmul, bmi1, bmi2, adx, sha, fma, vzeroupper, clflush, clflushopt, clwb, hv

Memory: 4k page, system-wide physical 7860M (672M free)
TotalPageFile size 16052M (AvailPageFile size 181M)
current process WorkingSet (physical memory assigned to process): 341M, peak: 351M
current process commit charge ("private bytes"): 393M, peak: 486M

vm_info: Java HotSpot(TM) 64-Bit Server VM (17.0.12+8-LTS-286) for windows-amd64 JRE (17.0.12+8-LTS-286), built on Jun  5 2024 06:46:59 by "mach5one" with MS VC++ 17.6 (VS2022)

END.
