#
# There is insufficient memory for the Java Runtime Environment to continue.
# Native memory allocation (malloc) failed to allocate 164816 bytes for Chunk::new
# Possible reasons:
#   The system is out of physical RAM or swap space
#   The process is running with CompressedOops enabled, and the Java Heap may be blocking the growth of the native heap
# Possible solutions:
#   Reduce memory load on the system
#   Increase physical memory or swap space
#   Check if swap backing store is full
#   Decrease Java heap size (-Xmx/-Xms)
#   Decrease number of Java threads
#   Decrease Java thread stack sizes (-Xss)
#   Set larger code cache with -XX:ReservedCodeCacheSize=
#   JVM is running with Unscaled Compressed Oops mode in which the Java heap is
#     placed in the first 4GB address space. The Java Heap base address is the
#     maximum limit for the native heap growth. Please use -XX:HeapBaseMinAddress
#     to set the Java Heap base and to place the Java Heap above 4GB virtual address.
# This output file may be truncated or incomplete.
#
#  Out of Memory Error (arena.cpp:189), pid=15228, tid=10564
#
# JRE version: Java(TM) SE Runtime Environment (17.0.12+8) (build 17.0.12+8-LTS-286)
# Java VM: Java HotSpot(TM) 64-Bit Server VM (17.0.12+8-LTS-286, mixed mode, sharing, tiered, compressed oops, compressed class ptrs, g1 gc, windows-amd64)
# No core dump will be written. Minidumps are not enabled by default on client versions of Windows
#

---------------  S U M M A R Y ------------

Command Line: -XX:+ShowCodeDetailsInExceptionMessages com.josiqq.safe.SafeApplication

Host: 12th Gen Intel(R) Core(TM) i5-12450H, 12 cores, 7G,  Windows 11 , 64 bit Build 26100 (10.0.26100.5074)
Time: Mon Sep 15 20:45:12 2025 Hora estándar de Argentina elapsed time: 494.905951 seconds (0d 0h 8m 14s)

---------------  T H R E A D  ---------------

Current thread (0x000002be58a01240):  JavaThread "C2 CompilerThread0" daemon [_thread_in_native, id=10564, stack(0x000000ebe8f00000,0x000000ebe9000000)]


Current CompileTask:
C2: 494906 16045       4       java.util.HashSet::remove (20 bytes)

Stack: [0x000000ebe8f00000,0x000000ebe9000000]
Native frames: (J=compiled Java code, j=interpreted, Vv=VM code, C=native code)
V  [jvm.dll+0x67a04a]
V  [jvm.dll+0x7da4ed]
V  [jvm.dll+0x7dbe33]
V  [jvm.dll+0x7dc4a3]
V  [jvm.dll+0x24508f]
V  [jvm.dll+0xab773]
V  [jvm.dll+0xabd3c]
V  [jvm.dll+0x361b9f]
V  [jvm.dll+0x1ba45a]
V  [jvm.dll+0x216997]
V  [jvm.dll+0x215c6f]
V  [jvm.dll+0x1a2960]
V  [jvm.dll+0x22610b]
V  [jvm.dll+0x2242ab]
V  [jvm.dll+0x79075c]
V  [jvm.dll+0x78abea]
V  [jvm.dll+0x678f35]
C  [ucrtbase.dll+0x37b0]
C  [KERNEL32.DLL+0x2e8d7]
C  [ntdll.dll+0x8d9c]


---------------  P R O C E S S  ---------------

Threads class SMR info:
_java_thread_list=0x000002be58a46140, length=18, elements={
0x000002be5865dbb0, 0x000002be5865e570, 0x000002be58676b30, 0x000002be586774f0,
0x000002be58677eb0, 0x000002be58a00090, 0x000002be58a01240, 0x000002be58678e80,
0x000002be58a09d00, 0x000002be58b352e0, 0x000002be58b3f3b0, 0x000002be9ef80940,
0x000002be9ef7ff20, 0x000002be9ef81360, 0x000002be9ef81870, 0x000002bea23e8880,
0x000002bea23ef7e0, 0x000002bea1fa9730
}

Java Threads: ( => current thread )
  0x000002be5865dbb0 JavaThread "Reference Handler" daemon [_thread_blocked, id=2768, stack(0x000000ebe8900000,0x000000ebe8a00000)]
  0x000002be5865e570 JavaThread "Finalizer" daemon [_thread_blocked, id=11072, stack(0x000000ebe8a00000,0x000000ebe8b00000)]
  0x000002be58676b30 JavaThread "Signal Dispatcher" daemon [_thread_blocked, id=6328, stack(0x000000ebe8b00000,0x000000ebe8c00000)]
  0x000002be586774f0 JavaThread "Attach Listener" daemon [_thread_blocked, id=17876, stack(0x000000ebe8c00000,0x000000ebe8d00000)]
  0x000002be58677eb0 JavaThread "Service Thread" daemon [_thread_blocked, id=380, stack(0x000000ebe8d00000,0x000000ebe8e00000)]
  0x000002be58a00090 JavaThread "Monitor Deflation Thread" daemon [_thread_blocked, id=13420, stack(0x000000ebe8e00000,0x000000ebe8f00000)]
=>0x000002be58a01240 JavaThread "C2 CompilerThread0" daemon [_thread_in_native, id=10564, stack(0x000000ebe8f00000,0x000000ebe9000000)]
  0x000002be58678e80 JavaThread "C1 CompilerThread0" daemon [_thread_blocked, id=16612, stack(0x000000ebe9000000,0x000000ebe9100000)]
  0x000002be58a09d00 JavaThread "Sweeper thread" daemon [_thread_blocked, id=11952, stack(0x000000ebe9100000,0x000000ebe9200000)]
  0x000002be58b352e0 JavaThread "Notification Thread" daemon [_thread_blocked, id=13508, stack(0x000000ebe9200000,0x000000ebe9300000)]
  0x000002be58b3f3b0 JavaThread "Common-Cleaner" daemon [_thread_blocked, id=6496, stack(0x000000ebe9400000,0x000000ebe9500000)]
  0x000002be9ef80940 JavaThread "Catalina-utility-1" [_thread_blocked, id=2424, stack(0x000000ebe9d00000,0x000000ebe9e00000)]
  0x000002be9ef7ff20 JavaThread "Catalina-utility-2" [_thread_blocked, id=16692, stack(0x000000ebea500000,0x000000ebea600000)]
  0x000002be9ef81360 JavaThread "container-0" [_thread_blocked, id=4996, stack(0x000000ebea600000,0x000000ebea700000)]
  0x000002be9ef81870 JavaThread "mysql-cj-abandoned-connection-cleanup" daemon [_thread_blocked, id=16844, stack(0x000000ebea700000,0x000000ebea800000)]
  0x000002bea23e8880 JavaThread "Live Reload Server" daemon [_thread_in_native, id=8416, stack(0x000000ebeac00000,0x000000ebead00000)]
  0x000002bea23ef7e0 JavaThread "DestroyJavaVM" [_thread_blocked, id=3320, stack(0x000000ebe8200000,0x000000ebe8300000)]
  0x000002bea1fa9730 JavaThread "Thread-5" [_thread_in_vm, id=3556, stack(0x000000ebe8000000,0x000000ebe8100000)]

Other Threads:
  0x000002be5865a210 VMThread "VM Thread" [stack: 0x000000ebe8800000,0x000000ebe8900000] [id=14276]
  0x000002be38786720 WatcherThread [stack: 0x000000ebe9300000,0x000000ebe9400000] [id=11928]
  0x000002be38765b50 GCTaskThread "GC Thread#0" [stack: 0x000000ebe8300000,0x000000ebe8400000] [id=14640]
  0x000002be9e8db300 GCTaskThread "GC Thread#1" [stack: 0x000000ebe9800000,0x000000ebe9900000] [id=1808]
  0x000002be9e4d5030 GCTaskThread "GC Thread#2" [stack: 0x000000ebe9900000,0x000000ebe9a00000] [id=16428]
  0x000002be9e4d52f0 GCTaskThread "GC Thread#3" [stack: 0x000000ebe9a00000,0x000000ebe9b00000] [id=17712]
  0x000002be9e4d55b0 GCTaskThread "GC Thread#4" [stack: 0x000000ebe9b00000,0x000000ebe9c00000] [id=16992]
  0x000002be9e4d5870 GCTaskThread "GC Thread#5" [stack: 0x000000ebe9c00000,0x000000ebe9d00000] [id=14588]
  0x000002be9ef6fc40 GCTaskThread "GC Thread#6" [stack: 0x000000ebe9f00000,0x000000ebea000000] [id=8508]
  0x000002be9ef70740 GCTaskThread "GC Thread#7" [stack: 0x000000ebea000000,0x000000ebea100000] [id=17060]
  0x000002be9ef6ff00 GCTaskThread "GC Thread#8" [stack: 0x000000ebea100000,0x000000ebea200000] [id=2152]
  0x000002be9ef6f400 GCTaskThread "GC Thread#9" [stack: 0x000000ebea200000,0x000000ebea300000] [id=3164]
  0x000002be38776060 ConcurrentGCThread "G1 Main Marker" [stack: 0x000000ebe8400000,0x000000ebe8500000] [id=3448]
  0x000002be38777740 ConcurrentGCThread "G1 Conc#0" [stack: 0x000000ebe8500000,0x000000ebe8600000] [id=3184]
  0x000002be9ef6f980 ConcurrentGCThread "G1 Conc#1" [stack: 0x000000ebea300000,0x000000ebea400000] [id=10112]
  0x000002be9ef701c0 ConcurrentGCThread "G1 Conc#2" [stack: 0x000000ebea400000,0x000000ebea500000] [id=3508]
  0x000002be387be0c0 ConcurrentGCThread "G1 Refine#0" [stack: 0x000000ebe8600000,0x000000ebe8700000] [id=10504]
  0x000002be387be890 ConcurrentGCThread "G1 Service" [stack: 0x000000ebe8700000,0x000000ebe8800000] [id=10792]

Threads with active compile tasks:
C2 CompilerThread0   494937 16045       4       java.util.HashSet::remove (20 bytes)

VM state: not at safepoint (normal execution)

VM Mutex/Monitor currently owned by a thread: None

Heap address: 0x0000000085200000, size: 1966 MB, Compressed Oops mode: 32-bit

CDS archive(s) mapped at: [0x000002be59000000-0x000002be59bd0000-0x000002be59bd0000), size 12386304, SharedBaseAddress: 0x000002be59000000, ArchiveRelocationMode: 1.
Compressed class space mapped at: 0x000002be5a000000-0x000002be9a000000, reserved size: 1073741824
Narrow klass base: 0x000002be59000000, Narrow klass shift: 0, Narrow klass range: 0x100000000

GC Precious Log:
 CPUs: 12 total, 12 available
 Memory: 7860M
 Large Page Support: Disabled
 NUMA Support: Disabled
 Compressed Oops: Enabled (32-bit)
 Heap Region Size: 1M
 Heap Min Capacity: 8M
 Heap Initial Capacity: 124M
 Heap Max Capacity: 1966M
 Pre-touch: Disabled
 Parallel Workers: 10
 Concurrent Workers: 3
 Concurrent Refinement Workers: 10
 Periodic GC: Disabled

Heap:
 garbage-first heap   total 226304K, used 130120K [0x0000000085200000, 0x0000000100000000)
  region size 1024K, 50 young (51200K), 4 survivors (4096K)
 Metaspace       used 106302K, committed 107712K, reserved 1179648K
  class space    used 14080K, committed 14784K, reserved 1048576K

Heap Regions: E=young(eden), S=young(survivor), O=old, HS=humongous(starts), HC=humongous(continues), CS=collection set, F=free, OA=open archive, CA=closed archive, TAMS=top-at-mark-start (previous, next)
|   0|0x0000000085200000, 0x0000000085300000, 0x0000000085300000|100%|HS|  |TAMS 0x0000000085300000, 0x0000000085200000| Complete 
|   1|0x0000000085300000, 0x0000000085400000, 0x0000000085400000|100%|HS|  |TAMS 0x0000000085400000, 0x0000000085300000| Complete 
|   2|0x0000000085400000, 0x0000000085500000, 0x0000000085500000|100%| O|  |TAMS 0x0000000085500000, 0x0000000085400000| Untracked 
|   3|0x0000000085500000, 0x0000000085600000, 0x0000000085600000|100%| O|  |TAMS 0x0000000085600000, 0x0000000085500000| Untracked 
|   4|0x0000000085600000, 0x0000000085700000, 0x0000000085700000|100%| O|  |TAMS 0x0000000085700000, 0x0000000085600000| Untracked 
|   5|0x0000000085700000, 0x0000000085800000, 0x0000000085800000|100%| O|  |TAMS 0x0000000085800000, 0x0000000085700000| Untracked 
|   6|0x0000000085800000, 0x0000000085900000, 0x0000000085900000|100%| O|  |TAMS 0x0000000085900000, 0x0000000085800000| Untracked 
|   7|0x0000000085900000, 0x0000000085a00000, 0x0000000085a00000|100%| O|  |TAMS 0x0000000085a00000, 0x0000000085900000| Untracked 
|   8|0x0000000085a00000, 0x0000000085b00000, 0x0000000085b00000|100%| O|  |TAMS 0x0000000085b00000, 0x0000000085a00000| Untracked 
|   9|0x0000000085b00000, 0x0000000085c00000, 0x0000000085c00000|100%| O|  |TAMS 0x0000000085c00000, 0x0000000085b00000| Untracked 
|  10|0x0000000085c00000, 0x0000000085d00000, 0x0000000085d00000|100%| O|  |TAMS 0x0000000085d00000, 0x0000000085c00000| Untracked 
|  11|0x0000000085d00000, 0x0000000085e00000, 0x0000000085e00000|100%| O|  |TAMS 0x0000000085e00000, 0x0000000085d00000| Untracked 
|  12|0x0000000085e00000, 0x0000000085f00000, 0x0000000085f00000|100%| O|  |TAMS 0x0000000085f00000, 0x0000000085e00000| Untracked 
|  13|0x0000000085f00000, 0x0000000086000000, 0x0000000086000000|100%| O|  |TAMS 0x0000000086000000, 0x0000000085f00000| Untracked 
|  14|0x0000000086000000, 0x0000000086100000, 0x0000000086100000|100%| O|  |TAMS 0x0000000086100000, 0x0000000086000000| Untracked 
|  15|0x0000000086100000, 0x0000000086200000, 0x0000000086200000|100%| O|  |TAMS 0x0000000086200000, 0x0000000086100000| Untracked 
|  16|0x0000000086200000, 0x0000000086300000, 0x0000000086300000|100%| O|  |TAMS 0x0000000086300000, 0x0000000086200000| Untracked 
|  17|0x0000000086300000, 0x0000000086400000, 0x0000000086400000|100%| O|  |TAMS 0x0000000086400000, 0x0000000086300000| Untracked 
|  18|0x0000000086400000, 0x0000000086500000, 0x0000000086500000|100%| O|  |TAMS 0x0000000086400000, 0x0000000086400000| Untracked 
|  19|0x0000000086500000, 0x0000000086600000, 0x0000000086600000|100%| O|  |TAMS 0x0000000086600000, 0x0000000086500000| Untracked 
|  20|0x0000000086600000, 0x0000000086700000, 0x0000000086700000|100%| O|  |TAMS 0x0000000086700000, 0x0000000086600000| Untracked 
|  21|0x0000000086700000, 0x0000000086800000, 0x0000000086800000|100%| O|  |TAMS 0x0000000086800000, 0x0000000086700000| Untracked 
|  22|0x0000000086800000, 0x0000000086900000, 0x0000000086900000|100%| O|  |TAMS 0x0000000086900000, 0x0000000086800000| Untracked 
|  23|0x0000000086900000, 0x0000000086a00000, 0x0000000086a00000|100%| O|  |TAMS 0x0000000086a00000, 0x0000000086900000| Untracked 
|  24|0x0000000086a00000, 0x0000000086b00000, 0x0000000086b00000|100%| O|  |TAMS 0x0000000086b00000, 0x0000000086a00000| Untracked 
|  25|0x0000000086b00000, 0x0000000086c00000, 0x0000000086c00000|100%| O|  |TAMS 0x0000000086c00000, 0x0000000086b00000| Untracked 
|  26|0x0000000086c00000, 0x0000000086d00000, 0x0000000086d00000|100%| O|  |TAMS 0x0000000086d00000, 0x0000000086c00000| Untracked 
|  27|0x0000000086d00000, 0x0000000086e00000, 0x0000000086e00000|100%| O|  |TAMS 0x0000000086e00000, 0x0000000086d00000| Untracked 
|  28|0x0000000086e00000, 0x0000000086f00000, 0x0000000086f00000|100%| O|  |TAMS 0x0000000086f00000, 0x0000000086e00000| Untracked 
|  29|0x0000000086f00000, 0x0000000087000000, 0x0000000087000000|100%| O|  |TAMS 0x0000000087000000, 0x0000000086f00000| Untracked 
|  30|0x0000000087000000, 0x0000000087100000, 0x0000000087100000|100%| O|  |TAMS 0x0000000087100000, 0x0000000087000000| Untracked 
|  31|0x0000000087100000, 0x0000000087200000, 0x0000000087200000|100%| O|  |TAMS 0x0000000087200000, 0x0000000087100000| Untracked 
|  32|0x0000000087200000, 0x0000000087300000, 0x0000000087300000|100%| O|  |TAMS 0x0000000087300000, 0x0000000087200000| Untracked 
|  33|0x0000000087300000, 0x0000000087400000, 0x0000000087400000|100%| O|  |TAMS 0x0000000087400000, 0x0000000087300000| Untracked 
|  34|0x0000000087400000, 0x0000000087500000, 0x0000000087500000|100%| O|  |TAMS 0x0000000087500000, 0x0000000087400000| Untracked 
|  35|0x0000000087500000, 0x0000000087600000, 0x0000000087600000|100%| O|  |TAMS 0x0000000087600000, 0x0000000087500000| Untracked 
|  36|0x0000000087600000, 0x0000000087700000, 0x0000000087700000|100%| O|  |TAMS 0x0000000087700000, 0x0000000087600000| Untracked 
|  37|0x0000000087700000, 0x0000000087800000, 0x0000000087800000|100%| O|  |TAMS 0x0000000087800000, 0x0000000087700000| Untracked 
|  38|0x0000000087800000, 0x0000000087900000, 0x0000000087900000|100%| O|  |TAMS 0x0000000087900000, 0x0000000087800000| Untracked 
|  39|0x0000000087900000, 0x0000000087a00000, 0x0000000087a00000|100%| O|  |TAMS 0x0000000087a00000, 0x0000000087900000| Untracked 
|  40|0x0000000087a00000, 0x0000000087b00000, 0x0000000087b00000|100%| O|  |TAMS 0x0000000087a83c00, 0x0000000087a00000| Untracked 
|  41|0x0000000087b00000, 0x0000000087c00000, 0x0000000087c00000|100%| O|  |TAMS 0x0000000087b00000, 0x0000000087b00000| Untracked 
|  42|0x0000000087c00000, 0x0000000087d00000, 0x0000000087d00000|100%| O|  |TAMS 0x0000000087c00000, 0x0000000087c00000| Untracked 
|  43|0x0000000087d00000, 0x0000000087e00000, 0x0000000087e00000|100%| O|  |TAMS 0x0000000087d00000, 0x0000000087d00000| Untracked 
|  44|0x0000000087e00000, 0x0000000087f00000, 0x0000000087f00000|100%| O|  |TAMS 0x0000000087e00000, 0x0000000087e00000| Untracked 
|  45|0x0000000087f00000, 0x0000000088000000, 0x0000000088000000|100%| O|  |TAMS 0x0000000087f00000, 0x0000000087f00000| Untracked 
|  46|0x0000000088000000, 0x0000000088100000, 0x0000000088100000|100%| O|  |TAMS 0x0000000088000000, 0x0000000088000000| Untracked 
|  47|0x0000000088100000, 0x0000000088200000, 0x0000000088200000|100%| O|  |TAMS 0x0000000088100000, 0x0000000088100000| Untracked 
|  48|0x0000000088200000, 0x0000000088300000, 0x0000000088300000|100%| O|  |TAMS 0x0000000088200000, 0x0000000088200000| Untracked 
|  49|0x0000000088300000, 0x0000000088400000, 0x0000000088400000|100%| O|  |TAMS 0x0000000088300000, 0x0000000088300000| Untracked 
|  50|0x0000000088400000, 0x0000000088500000, 0x0000000088500000|100%| O|  |TAMS 0x0000000088400000, 0x0000000088400000| Untracked 
|  51|0x0000000088500000, 0x0000000088600000, 0x0000000088600000|100%| O|  |TAMS 0x0000000088500000, 0x0000000088500000| Untracked 
|  52|0x0000000088600000, 0x0000000088700000, 0x0000000088700000|100%| O|  |TAMS 0x0000000088600000, 0x0000000088600000| Untracked 
|  53|0x0000000088700000, 0x0000000088800000, 0x0000000088800000|100%| O|  |TAMS 0x0000000088700000, 0x0000000088700000| Untracked 
|  54|0x0000000088800000, 0x0000000088900000, 0x0000000088900000|100%| O|  |TAMS 0x0000000088800000, 0x0000000088800000| Untracked 
|  55|0x0000000088900000, 0x0000000088a00000, 0x0000000088a00000|100%| O|  |TAMS 0x0000000088900000, 0x0000000088900000| Untracked 
|  56|0x0000000088a00000, 0x0000000088b00000, 0x0000000088b00000|100%| O|  |TAMS 0x0000000088a00000, 0x0000000088a00000| Untracked 
|  57|0x0000000088b00000, 0x0000000088c00000, 0x0000000088c00000|100%| O|  |TAMS 0x0000000088b00000, 0x0000000088b00000| Untracked 
|  58|0x0000000088c00000, 0x0000000088d00000, 0x0000000088d00000|100%| O|  |TAMS 0x0000000088c00000, 0x0000000088c00000| Untracked 
|  59|0x0000000088d00000, 0x0000000088e00000, 0x0000000088e00000|100%| O|  |TAMS 0x0000000088d00000, 0x0000000088d00000| Untracked 
|  60|0x0000000088e00000, 0x0000000088f00000, 0x0000000088f00000|100%| O|  |TAMS 0x0000000088e00000, 0x0000000088e00000| Untracked 
|  61|0x0000000088f00000, 0x0000000089000000, 0x0000000089000000|100%| O|  |TAMS 0x0000000088f00000, 0x0000000088f00000| Untracked 
|  62|0x0000000089000000, 0x0000000089100000, 0x0000000089100000|100%| O|  |TAMS 0x0000000089000000, 0x0000000089000000| Untracked 
|  63|0x0000000089100000, 0x0000000089200000, 0x0000000089200000|100%| O|  |TAMS 0x0000000089100000, 0x0000000089100000| Untracked 
|  64|0x0000000089200000, 0x0000000089300000, 0x0000000089300000|100%| O|  |TAMS 0x0000000089200000, 0x0000000089200000| Untracked 
|  65|0x0000000089300000, 0x0000000089400000, 0x0000000089400000|100%| O|  |TAMS 0x0000000089300000, 0x0000000089300000| Untracked 
|  66|0x0000000089400000, 0x0000000089500000, 0x0000000089500000|100%| O|  |TAMS 0x0000000089400000, 0x0000000089400000| Untracked 
|  67|0x0000000089500000, 0x0000000089600000, 0x0000000089600000|100%| O|  |TAMS 0x0000000089500000, 0x0000000089500000| Untracked 
|  68|0x0000000089600000, 0x0000000089700000, 0x0000000089700000|100%| O|  |TAMS 0x0000000089600000, 0x0000000089600000| Untracked 
|  69|0x0000000089700000, 0x0000000089800000, 0x0000000089800000|100%| O|  |TAMS 0x0000000089700000, 0x0000000089700000| Untracked 
|  70|0x0000000089800000, 0x0000000089900000, 0x0000000089900000|100%| O|  |TAMS 0x0000000089800000, 0x0000000089800000| Untracked 
|  71|0x0000000089900000, 0x0000000089a00000, 0x0000000089a00000|100%| O|  |TAMS 0x0000000089900000, 0x0000000089900000| Untracked 
|  72|0x0000000089a00000, 0x0000000089b00000, 0x0000000089b00000|100%| O|  |TAMS 0x0000000089a00000, 0x0000000089a00000| Untracked 
|  73|0x0000000089b00000, 0x0000000089c00000, 0x0000000089c00000|100%| O|  |TAMS 0x0000000089b00000, 0x0000000089b00000| Untracked 
|  74|0x0000000089c00000, 0x0000000089d00000, 0x0000000089d00000|100%| O|  |TAMS 0x0000000089c00000, 0x0000000089c00000| Untracked 
|  75|0x0000000089d00000, 0x0000000089e00000, 0x0000000089e00000|100%| O|  |TAMS 0x0000000089d00000, 0x0000000089d00000| Untracked 
|  76|0x0000000089e00000, 0x0000000089f00000, 0x0000000089f00000|100%| O|  |TAMS 0x0000000089e00000, 0x0000000089e00000| Untracked 
|  77|0x0000000089f00000, 0x000000008a000000, 0x000000008a000000|100%| O|  |TAMS 0x0000000089f00000, 0x0000000089f00000| Untracked 
|  78|0x000000008a000000, 0x000000008a03f800, 0x000000008a100000| 24%| O|  |TAMS 0x000000008a000000, 0x000000008a000000| Untracked 
|  79|0x000000008a100000, 0x000000008a100000, 0x000000008a200000|  0%| F|  |TAMS 0x000000008a100000, 0x000000008a100000| Untracked 
|  80|0x000000008a200000, 0x000000008a200000, 0x000000008a300000|  0%| F|  |TAMS 0x000000008a200000, 0x000000008a200000| Untracked 
|  81|0x000000008a300000, 0x000000008a300000, 0x000000008a400000|  0%| F|  |TAMS 0x000000008a300000, 0x000000008a300000| Untracked 
|  82|0x000000008a400000, 0x000000008a400000, 0x000000008a500000|  0%| F|  |TAMS 0x000000008a400000, 0x000000008a400000| Untracked 
|  83|0x000000008a500000, 0x000000008a500000, 0x000000008a600000|  0%| F|  |TAMS 0x000000008a500000, 0x000000008a500000| Untracked 
|  84|0x000000008a600000, 0x000000008a600000, 0x000000008a700000|  0%| F|  |TAMS 0x000000008a600000, 0x000000008a600000| Untracked 
|  85|0x000000008a700000, 0x000000008a700000, 0x000000008a800000|  0%| F|  |TAMS 0x000000008a700000, 0x000000008a700000| Untracked 
|  86|0x000000008a800000, 0x000000008a800000, 0x000000008a900000|  0%| F|  |TAMS 0x000000008a800000, 0x000000008a800000| Untracked 
|  87|0x000000008a900000, 0x000000008a900000, 0x000000008aa00000|  0%| F|  |TAMS 0x000000008a900000, 0x000000008a900000| Untracked 
|  88|0x000000008aa00000, 0x000000008aa00000, 0x000000008ab00000|  0%| F|  |TAMS 0x000000008aa00000, 0x000000008aa00000| Untracked 
|  89|0x000000008ab00000, 0x000000008ab00000, 0x000000008ac00000|  0%| F|  |TAMS 0x000000008ab00000, 0x000000008ab00000| Untracked 
|  90|0x000000008ac00000, 0x000000008ac00000, 0x000000008ad00000|  0%| F|  |TAMS 0x000000008ac00000, 0x000000008ac00000| Untracked 
|  91|0x000000008ad00000, 0x000000008ad00000, 0x000000008ae00000|  0%| F|  |TAMS 0x000000008ad00000, 0x000000008ad00000| Untracked 
|  92|0x000000008ae00000, 0x000000008ae00000, 0x000000008af00000|  0%| F|  |TAMS 0x000000008ae00000, 0x000000008ae00000| Untracked 
|  93|0x000000008af00000, 0x000000008af00000, 0x000000008b000000|  0%| F|  |TAMS 0x000000008af00000, 0x000000008af00000| Untracked 
|  94|0x000000008b000000, 0x000000008b000000, 0x000000008b100000|  0%| F|  |TAMS 0x000000008b000000, 0x000000008b000000| Untracked 
|  95|0x000000008b100000, 0x000000008b100000, 0x000000008b200000|  0%| F|  |TAMS 0x000000008b100000, 0x000000008b100000| Untracked 
|  96|0x000000008b200000, 0x000000008b200000, 0x000000008b300000|  0%| F|  |TAMS 0x000000008b200000, 0x000000008b200000| Untracked 
|  97|0x000000008b300000, 0x000000008b300000, 0x000000008b400000|  0%| F|  |TAMS 0x000000008b300000, 0x000000008b300000| Untracked 
|  98|0x000000008b400000, 0x000000008b400000, 0x000000008b500000|  0%| F|  |TAMS 0x000000008b400000, 0x000000008b400000| Untracked 
|  99|0x000000008b500000, 0x000000008b500000, 0x000000008b600000|  0%| F|  |TAMS 0x000000008b500000, 0x000000008b500000| Untracked 
| 100|0x000000008b600000, 0x000000008b600000, 0x000000008b700000|  0%| F|  |TAMS 0x000000008b600000, 0x000000008b600000| Untracked 
| 101|0x000000008b700000, 0x000000008b700000, 0x000000008b800000|  0%| F|  |TAMS 0x000000008b700000, 0x000000008b700000| Untracked 
| 102|0x000000008b800000, 0x000000008b800000, 0x000000008b900000|  0%| F|  |TAMS 0x000000008b800000, 0x000000008b800000| Untracked 
| 103|0x000000008b900000, 0x000000008b900000, 0x000000008ba00000|  0%| F|  |TAMS 0x000000008b900000, 0x000000008b900000| Untracked 
| 104|0x000000008ba00000, 0x000000008ba00000, 0x000000008bb00000|  0%| F|  |TAMS 0x000000008ba00000, 0x000000008ba00000| Untracked 
| 105|0x000000008bb00000, 0x000000008bb00000, 0x000000008bc00000|  0%| F|  |TAMS 0x000000008bb00000, 0x000000008bb00000| Untracked 
| 106|0x000000008bc00000, 0x000000008bc00000, 0x000000008bd00000|  0%| F|  |TAMS 0x000000008bc00000, 0x000000008bc00000| Untracked 
| 107|0x000000008bd00000, 0x000000008bdd2bc8, 0x000000008be00000| 82%| S|CS|TAMS 0x000000008bd00000, 0x000000008bd00000| Complete 
| 108|0x000000008be00000, 0x000000008bf00000, 0x000000008bf00000|100%| S|CS|TAMS 0x000000008be00000, 0x000000008be00000| Complete 
| 109|0x000000008bf00000, 0x000000008c000000, 0x000000008c000000|100%| S|CS|TAMS 0x000000008bf00000, 0x000000008bf00000| Complete 
| 110|0x000000008c000000, 0x000000008c100000, 0x000000008c100000|100%| S|CS|TAMS 0x000000008c000000, 0x000000008c000000| Complete 
| 111|0x000000008c100000, 0x000000008c100000, 0x000000008c200000|  0%| F|  |TAMS 0x000000008c100000, 0x000000008c100000| Untracked 
| 112|0x000000008c200000, 0x000000008c200000, 0x000000008c300000|  0%| F|  |TAMS 0x000000008c200000, 0x000000008c200000| Untracked 
| 113|0x000000008c300000, 0x000000008c300000, 0x000000008c400000|  0%| F|  |TAMS 0x000000008c300000, 0x000000008c300000| Untracked 
| 114|0x000000008c400000, 0x000000008c400000, 0x000000008c500000|  0%| F|  |TAMS 0x000000008c400000, 0x000000008c400000| Untracked 
| 115|0x000000008c500000, 0x000000008c500000, 0x000000008c600000|  0%| F|  |TAMS 0x000000008c500000, 0x000000008c500000| Untracked 
| 116|0x000000008c600000, 0x000000008c600000, 0x000000008c700000|  0%| F|  |TAMS 0x000000008c600000, 0x000000008c600000| Untracked 
| 117|0x000000008c700000, 0x000000008c700000, 0x000000008c800000|  0%| F|  |TAMS 0x000000008c700000, 0x000000008c700000| Untracked 
| 118|0x000000008c800000, 0x000000008c800000, 0x000000008c900000|  0%| F|  |TAMS 0x000000008c800000, 0x000000008c800000| Untracked 
| 119|0x000000008c900000, 0x000000008c900000, 0x000000008ca00000|  0%| F|  |TAMS 0x000000008c900000, 0x000000008c900000| Untracked 
| 120|0x000000008ca00000, 0x000000008ca00000, 0x000000008cb00000|  0%| F|  |TAMS 0x000000008ca00000, 0x000000008ca00000| Untracked 
| 121|0x000000008cb00000, 0x000000008cb00000, 0x000000008cc00000|  0%| F|  |TAMS 0x000000008cb00000, 0x000000008cb00000| Untracked 
| 122|0x000000008cc00000, 0x000000008cc00000, 0x000000008cd00000|  0%| F|  |TAMS 0x000000008cc00000, 0x000000008cc00000| Untracked 
| 123|0x000000008cd00000, 0x000000008cd00000, 0x000000008ce00000|  0%| F|  |TAMS 0x000000008cd00000, 0x000000008cd00000| Untracked 
| 124|0x000000008ce00000, 0x000000008ce00000, 0x000000008cf00000|  0%| F|  |TAMS 0x000000008ce00000, 0x000000008ce00000| Untracked 
| 125|0x000000008cf00000, 0x000000008cf00000, 0x000000008d000000|  0%| F|  |TAMS 0x000000008cf00000, 0x000000008cf00000| Untracked 
| 126|0x000000008d000000, 0x000000008d000000, 0x000000008d100000|  0%| F|  |TAMS 0x000000008d000000, 0x000000008d000000| Untracked 
| 127|0x000000008d100000, 0x000000008d100000, 0x000000008d200000|  0%| F|  |TAMS 0x000000008d100000, 0x000000008d100000| Untracked 
| 128|0x000000008d200000, 0x000000008d200000, 0x000000008d300000|  0%| F|  |TAMS 0x000000008d200000, 0x000000008d200000| Untracked 
| 129|0x000000008d300000, 0x000000008d300000, 0x000000008d400000|  0%| F|  |TAMS 0x000000008d300000, 0x000000008d300000| Untracked 
| 130|0x000000008d400000, 0x000000008d400000, 0x000000008d500000|  0%| F|  |TAMS 0x000000008d400000, 0x000000008d400000| Untracked 
| 131|0x000000008d500000, 0x000000008d500000, 0x000000008d600000|  0%| F|  |TAMS 0x000000008d500000, 0x000000008d500000| Untracked 
| 132|0x000000008d600000, 0x000000008d600000, 0x000000008d700000|  0%| F|  |TAMS 0x000000008d600000, 0x000000008d600000| Untracked 
| 133|0x000000008d700000, 0x000000008d700000, 0x000000008d800000|  0%| F|  |TAMS 0x000000008d700000, 0x000000008d700000| Untracked 
| 134|0x000000008d800000, 0x000000008d800000, 0x000000008d900000|  0%| F|  |TAMS 0x000000008d800000, 0x000000008d800000| Untracked 
| 135|0x000000008d900000, 0x000000008d900000, 0x000000008da00000|  0%| F|  |TAMS 0x000000008d900000, 0x000000008d900000| Untracked 
| 136|0x000000008da00000, 0x000000008da00000, 0x000000008db00000|  0%| F|  |TAMS 0x000000008da00000, 0x000000008da00000| Untracked 
| 137|0x000000008db00000, 0x000000008db00000, 0x000000008dc00000|  0%| F|  |TAMS 0x000000008db00000, 0x000000008db00000| Untracked 
| 138|0x000000008dc00000, 0x000000008dc00000, 0x000000008dd00000|  0%| F|  |TAMS 0x000000008dc00000, 0x000000008dc00000| Untracked 
| 139|0x000000008dd00000, 0x000000008dd00000, 0x000000008de00000|  0%| F|  |TAMS 0x000000008dd00000, 0x000000008dd00000| Untracked 
| 140|0x000000008de00000, 0x000000008de00000, 0x000000008df00000|  0%| F|  |TAMS 0x000000008de00000, 0x000000008de00000| Untracked 
| 141|0x000000008df00000, 0x000000008df00000, 0x000000008e000000|  0%| F|  |TAMS 0x000000008df00000, 0x000000008df00000| Untracked 
| 142|0x000000008e000000, 0x000000008e000000, 0x000000008e100000|  0%| F|  |TAMS 0x000000008e000000, 0x000000008e000000| Untracked 
| 143|0x000000008e100000, 0x000000008e100000, 0x000000008e200000|  0%| F|  |TAMS 0x000000008e100000, 0x000000008e100000| Untracked 
| 144|0x000000008e200000, 0x000000008e200000, 0x000000008e300000|  0%| F|  |TAMS 0x000000008e200000, 0x000000008e200000| Untracked 
| 145|0x000000008e300000, 0x000000008e300000, 0x000000008e400000|  0%| F|  |TAMS 0x000000008e300000, 0x000000008e300000| Untracked 
| 146|0x000000008e400000, 0x000000008e400000, 0x000000008e500000|  0%| F|  |TAMS 0x000000008e400000, 0x000000008e400000| Untracked 
| 147|0x000000008e500000, 0x000000008e500000, 0x000000008e600000|  0%| F|  |TAMS 0x000000008e500000, 0x000000008e500000| Untracked 
| 148|0x000000008e600000, 0x000000008e600000, 0x000000008e700000|  0%| F|  |TAMS 0x000000008e600000, 0x000000008e600000| Untracked 
| 149|0x000000008e700000, 0x000000008e700000, 0x000000008e800000|  0%| F|  |TAMS 0x000000008e700000, 0x000000008e700000| Untracked 
| 150|0x000000008e800000, 0x000000008e800000, 0x000000008e900000|  0%| F|  |TAMS 0x000000008e800000, 0x000000008e800000| Untracked 
| 151|0x000000008e900000, 0x000000008e900000, 0x000000008ea00000|  0%| F|  |TAMS 0x000000008e900000, 0x000000008e900000| Untracked 
| 152|0x000000008ea00000, 0x000000008ea00000, 0x000000008eb00000|  0%| F|  |TAMS 0x000000008ea00000, 0x000000008ea00000| Untracked 
| 153|0x000000008eb00000, 0x000000008eb00000, 0x000000008ec00000|  0%| F|  |TAMS 0x000000008eb00000, 0x000000008eb00000| Untracked 
| 154|0x000000008ec00000, 0x000000008ec00000, 0x000000008ed00000|  0%| F|  |TAMS 0x000000008ec00000, 0x000000008ec00000| Untracked 
| 155|0x000000008ed00000, 0x000000008ed00000, 0x000000008ee00000|  0%| F|  |TAMS 0x000000008ed00000, 0x000000008ed00000| Untracked 
| 156|0x000000008ee00000, 0x000000008ee00000, 0x000000008ef00000|  0%| F|  |TAMS 0x000000008ee00000, 0x000000008ee00000| Untracked 
| 157|0x000000008ef00000, 0x000000008ef00000, 0x000000008f000000|  0%| F|  |TAMS 0x000000008ef00000, 0x000000008ef00000| Untracked 
| 158|0x000000008f000000, 0x000000008f000000, 0x000000008f100000|  0%| F|  |TAMS 0x000000008f000000, 0x000000008f000000| Untracked 
| 159|0x000000008f100000, 0x000000008f100000, 0x000000008f200000|  0%| F|  |TAMS 0x000000008f100000, 0x000000008f100000| Untracked 
| 160|0x000000008f200000, 0x000000008f200000, 0x000000008f300000|  0%| F|  |TAMS 0x000000008f200000, 0x000000008f200000| Untracked 
| 161|0x000000008f300000, 0x000000008f300000, 0x000000008f400000|  0%| F|  |TAMS 0x000000008f300000, 0x000000008f300000| Untracked 
| 162|0x000000008f400000, 0x000000008f400000, 0x000000008f500000|  0%| F|  |TAMS 0x000000008f400000, 0x000000008f400000| Untracked 
| 163|0x000000008f500000, 0x000000008f500000, 0x000000008f600000|  0%| F|  |TAMS 0x000000008f500000, 0x000000008f500000| Untracked 
| 164|0x000000008f600000, 0x000000008f600000, 0x000000008f700000|  0%| F|  |TAMS 0x000000008f600000, 0x000000008f600000| Untracked 
| 165|0x000000008f700000, 0x000000008f700000, 0x000000008f800000|  0%| F|  |TAMS 0x000000008f700000, 0x000000008f700000| Untracked 
| 166|0x000000008f800000, 0x000000008f800000, 0x000000008f900000|  0%| F|  |TAMS 0x000000008f800000, 0x000000008f800000| Untracked 
| 167|0x000000008f900000, 0x000000008f900000, 0x000000008fa00000|  0%| F|  |TAMS 0x000000008f900000, 0x000000008f900000| Untracked 
| 168|0x000000008fa00000, 0x000000008fa00000, 0x000000008fb00000|  0%| F|  |TAMS 0x000000008fa00000, 0x000000008fa00000| Untracked 
| 169|0x000000008fb00000, 0x000000008fb00000, 0x000000008fc00000|  0%| F|  |TAMS 0x000000008fb00000, 0x000000008fb00000| Untracked 
| 170|0x000000008fc00000, 0x000000008fc00000, 0x000000008fd00000|  0%| F|  |TAMS 0x000000008fc00000, 0x000000008fc00000| Untracked 
| 171|0x000000008fd00000, 0x000000008fd00000, 0x000000008fe00000|  0%| F|  |TAMS 0x000000008fd00000, 0x000000008fd00000| Untracked 
| 172|0x000000008fe00000, 0x000000008fe00000, 0x000000008ff00000|  0%| F|  |TAMS 0x000000008fe00000, 0x000000008fe00000| Untracked 
| 173|0x000000008ff00000, 0x000000008ff00000, 0x0000000090000000|  0%| F|  |TAMS 0x000000008ff00000, 0x000000008ff00000| Untracked 
| 174|0x0000000090000000, 0x0000000090000000, 0x0000000090100000|  0%| F|  |TAMS 0x0000000090000000, 0x0000000090000000| Untracked 
| 175|0x0000000090100000, 0x00000000901c1988, 0x0000000090200000| 75%| E|  |TAMS 0x0000000090100000, 0x0000000090100000| Complete 
| 176|0x0000000090200000, 0x0000000090300000, 0x0000000090300000|100%| E|CS|TAMS 0x0000000090200000, 0x0000000090200000| Complete 
| 177|0x0000000090300000, 0x0000000090400000, 0x0000000090400000|100%| E|CS|TAMS 0x0000000090300000, 0x0000000090300000| Complete 
| 178|0x0000000090400000, 0x0000000090500000, 0x0000000090500000|100%| E|CS|TAMS 0x0000000090400000, 0x0000000090400000| Complete 
| 179|0x0000000090500000, 0x0000000090600000, 0x0000000090600000|100%| E|CS|TAMS 0x0000000090500000, 0x0000000090500000| Complete 
| 180|0x0000000090600000, 0x0000000090700000, 0x0000000090700000|100%| E|CS|TAMS 0x0000000090600000, 0x0000000090600000| Complete 
| 181|0x0000000090700000, 0x0000000090800000, 0x0000000090800000|100%| E|CS|TAMS 0x0000000090700000, 0x0000000090700000| Complete 
| 182|0x0000000090800000, 0x0000000090900000, 0x0000000090900000|100%| E|CS|TAMS 0x0000000090800000, 0x0000000090800000| Complete 
| 183|0x0000000090900000, 0x0000000090a00000, 0x0000000090a00000|100%| E|CS|TAMS 0x0000000090900000, 0x0000000090900000| Complete 
| 184|0x0000000090a00000, 0x0000000090b00000, 0x0000000090b00000|100%| E|CS|TAMS 0x0000000090a00000, 0x0000000090a00000| Complete 
| 185|0x0000000090b00000, 0x0000000090c00000, 0x0000000090c00000|100%| E|CS|TAMS 0x0000000090b00000, 0x0000000090b00000| Complete 
| 186|0x0000000090c00000, 0x0000000090d00000, 0x0000000090d00000|100%| E|CS|TAMS 0x0000000090c00000, 0x0000000090c00000| Complete 
| 187|0x0000000090d00000, 0x0000000090e00000, 0x0000000090e00000|100%| E|CS|TAMS 0x0000000090d00000, 0x0000000090d00000| Complete 
| 188|0x0000000090e00000, 0x0000000090f00000, 0x0000000090f00000|100%| E|CS|TAMS 0x0000000090e00000, 0x0000000090e00000| Complete 
| 189|0x0000000090f00000, 0x0000000091000000, 0x0000000091000000|100%| E|CS|TAMS 0x0000000090f00000, 0x0000000090f00000| Complete 
| 190|0x0000000091000000, 0x0000000091100000, 0x0000000091100000|100%| E|CS|TAMS 0x0000000091000000, 0x0000000091000000| Complete 
| 191|0x0000000091100000, 0x0000000091200000, 0x0000000091200000|100%| E|CS|TAMS 0x0000000091100000, 0x0000000091100000| Complete 
| 192|0x0000000091200000, 0x0000000091300000, 0x0000000091300000|100%| E|CS|TAMS 0x0000000091200000, 0x0000000091200000| Complete 
| 193|0x0000000091300000, 0x0000000091400000, 0x0000000091400000|100%| E|CS|TAMS 0x0000000091300000, 0x0000000091300000| Complete 
| 194|0x0000000091400000, 0x0000000091500000, 0x0000000091500000|100%| E|CS|TAMS 0x0000000091400000, 0x0000000091400000| Complete 
| 195|0x0000000091500000, 0x0000000091600000, 0x0000000091600000|100%| E|CS|TAMS 0x0000000091500000, 0x0000000091500000| Complete 
| 196|0x0000000091600000, 0x0000000091700000, 0x0000000091700000|100%| E|CS|TAMS 0x0000000091600000, 0x0000000091600000| Complete 
| 197|0x0000000091700000, 0x0000000091800000, 0x0000000091800000|100%| E|CS|TAMS 0x0000000091700000, 0x0000000091700000| Complete 
| 198|0x0000000091800000, 0x0000000091900000, 0x0000000091900000|100%| E|CS|TAMS 0x0000000091800000, 0x0000000091800000| Complete 
| 199|0x0000000091900000, 0x0000000091a00000, 0x0000000091a00000|100%| E|CS|TAMS 0x0000000091900000, 0x0000000091900000| Complete 
| 200|0x0000000091a00000, 0x0000000091b00000, 0x0000000091b00000|100%| E|CS|TAMS 0x0000000091a00000, 0x0000000091a00000| Complete 
| 201|0x0000000091b00000, 0x0000000091c00000, 0x0000000091c00000|100%| E|CS|TAMS 0x0000000091b00000, 0x0000000091b00000| Complete 
| 202|0x0000000091c00000, 0x0000000091d00000, 0x0000000091d00000|100%| E|CS|TAMS 0x0000000091c00000, 0x0000000091c00000| Complete 
| 203|0x0000000091d00000, 0x0000000091e00000, 0x0000000091e00000|100%| E|CS|TAMS 0x0000000091d00000, 0x0000000091d00000| Complete 
| 204|0x0000000091e00000, 0x0000000091f00000, 0x0000000091f00000|100%| E|CS|TAMS 0x0000000091e00000, 0x0000000091e00000| Complete 
| 205|0x0000000091f00000, 0x0000000092000000, 0x0000000092000000|100%| E|CS|TAMS 0x0000000091f00000, 0x0000000091f00000| Complete 
| 206|0x0000000092000000, 0x0000000092100000, 0x0000000092100000|100%| E|CS|TAMS 0x0000000092000000, 0x0000000092000000| Complete 
| 207|0x0000000092100000, 0x0000000092200000, 0x0000000092200000|100%| E|CS|TAMS 0x0000000092100000, 0x0000000092100000| Complete 
| 208|0x0000000092200000, 0x0000000092300000, 0x0000000092300000|100%| E|CS|TAMS 0x0000000092200000, 0x0000000092200000| Complete 
| 209|0x0000000092300000, 0x0000000092400000, 0x0000000092400000|100%| E|CS|TAMS 0x0000000092300000, 0x0000000092300000| Complete 
| 210|0x0000000092400000, 0x0000000092500000, 0x0000000092500000|100%| E|CS|TAMS 0x0000000092400000, 0x0000000092400000| Complete 
| 211|0x0000000092500000, 0x0000000092600000, 0x0000000092600000|100%| E|CS|TAMS 0x0000000092500000, 0x0000000092500000| Complete 
| 212|0x0000000092600000, 0x0000000092700000, 0x0000000092700000|100%| E|CS|TAMS 0x0000000092600000, 0x0000000092600000| Complete 
| 213|0x0000000092700000, 0x0000000092800000, 0x0000000092800000|100%| E|CS|TAMS 0x0000000092700000, 0x0000000092700000| Complete 
| 214|0x0000000092800000, 0x0000000092900000, 0x0000000092900000|100%| E|CS|TAMS 0x0000000092800000, 0x0000000092800000| Complete 
| 215|0x0000000092900000, 0x0000000092a00000, 0x0000000092a00000|100%| E|CS|TAMS 0x0000000092900000, 0x0000000092900000| Complete 
| 216|0x0000000092a00000, 0x0000000092b00000, 0x0000000092b00000|100%| E|CS|TAMS 0x0000000092a00000, 0x0000000092a00000| Complete 
| 217|0x0000000092b00000, 0x0000000092c00000, 0x0000000092c00000|100%| E|CS|TAMS 0x0000000092b00000, 0x0000000092b00000| Complete 
| 218|0x0000000092c00000, 0x0000000092d00000, 0x0000000092d00000|100%| E|CS|TAMS 0x0000000092c00000, 0x0000000092c00000| Complete 
| 219|0x0000000092d00000, 0x0000000092e00000, 0x0000000092e00000|100%| E|CS|TAMS 0x0000000092d00000, 0x0000000092d00000| Complete 
| 220|0x0000000092e00000, 0x0000000092f00000, 0x0000000092f00000|100%| E|CS|TAMS 0x0000000092e00000, 0x0000000092e00000| Complete 

Card table byte_map: [0x000002be51630000,0x000002be51a10000] _byte_map_base: 0x000002be51207000

Marking Bits (Prev, Next): (CMBitMap*) 0x000002be38766170, (CMBitMap*) 0x000002be387661b0
 Prev Bits: [0x000002be51df0000, 0x000002be53ca8000)
 Next Bits: [0x000002be53cb0000, 0x000002be55b68000)

Polling page: 0x000002be38430000

Metaspace:

Usage:
  Non-class:     90.07 MB used.
      Class:     13.75 MB used.
       Both:    103.82 MB used.

Virtual space:
  Non-class space:      128.00 MB reserved,      90.75 MB ( 71%) committed,  2 nodes.
      Class space:        1.00 GB reserved,      14.44 MB (  1%) committed,  1 nodes.
             Both:        1.12 GB reserved,     105.19 MB (  9%) committed. 

Chunk freelists:
   Non-Class:  5.10 MB
       Class:  1.56 MB
        Both:  6.66 MB

MaxMetaspaceSize: unlimited
CompressedClassSpaceSize: 1.00 GB
Initial GC threshold: 21.00 MB
Current GC threshold: 129.69 MB
CDS: on
MetaspaceReclaimPolicy: balanced
 - commit_granule_bytes: 65536.
 - commit_granule_words: 8192.
 - virtual_space_node_default_size: 8388608.
 - enlarge_chunks_in_place: 1.
 - new_chunks_are_fully_committed: 0.
 - uncommit_free_chunks: 1.
 - use_allocation_guard: 0.
 - handle_deallocations: 1.


Internal statistics:

num_allocs_failed_limit: 9.
num_arena_births: 2334.
num_arena_deaths: 10.
num_vsnodes_births: 3.
num_vsnodes_deaths: 0.
num_space_committed: 1683.
num_space_uncommitted: 0.
num_chunks_returned_to_freelist: 24.
num_chunks_taken_from_freelist: 6803.
num_chunk_merges: 4.
num_chunk_splits: 4567.
num_chunks_enlarged: 3057.
num_inconsistent_stats: 0.

CodeHeap 'non-profiled nmethods': size=120000Kb used=9433Kb max_used=9615Kb free=110566Kb
 bounds [0x000002be49090000, 0x000002be49a00000, 0x000002be505c0000]
CodeHeap 'profiled nmethods': size=120000Kb used=27734Kb max_used=29005Kb free=92265Kb
 bounds [0x000002be415c0000, 0x000002be43220000, 0x000002be48af0000]
CodeHeap 'non-nmethods': size=5760Kb used=1786Kb max_used=1841Kb free=3973Kb
 bounds [0x000002be48af0000, 0x000002be48d60000, 0x000002be49090000]
 total_blobs=14334 nmethods=13448 adapters=797
 compilation: enabled
              stopped_count=0, restarted_count=0
 full_count=0

Compilation events (20 events):
Event: 491.857 Thread 0x000002be58678e80 nmethod 16044 0x000002be4161a110 code [0x000002be4161a2e0, 0x000002be4161a688]
Event: 491.863 Thread 0x000002be58a01240 16045       4       java.util.HashSet::remove (20 bytes)
Event: 491.867 Thread 0x000002be58678e80 16046       3       java.util.concurrent.ConcurrentHashMap$EntryIterator::<init> (12 bytes)
Event: 491.867 Thread 0x000002be58678e80 nmethod 16046 0x000002be417b3f90 code [0x000002be417b4120, 0x000002be417b4268]
Event: 491.868 Thread 0x000002be58678e80 16047   !   3       org.springframework.beans.factory.support.DefaultSingletonBeanRegistry::destroyBean (349 bytes)
Event: 491.871 Thread 0x000002be58678e80 nmethod 16047 0x000002be419f0b90 code [0x000002be419f0fa0, 0x000002be419f3308]
Event: 491.871 Thread 0x000002be58678e80 16049       3       java.util.concurrent.ConcurrentHashMap$CollectionView::isEmpty (8 bytes)
Event: 491.871 Thread 0x000002be58678e80 nmethod 16049 0x000002be41888d90 code [0x000002be41888f40, 0x000002be418891c8]
Event: 491.882 Thread 0x000002be58678e80 16050       1       org.hibernate.service.spi.ServiceBinding::getLifecycleOwner (5 bytes)
Event: 491.882 Thread 0x000002be58678e80 nmethod 16050 0x000002be49648910 code [0x000002be49648aa0, 0x000002be49648b78]
Event: 492.914 Thread 0x000002be58678e80 16051       1       java.net.Socket::isConnected (5 bytes)
Event: 492.914 Thread 0x000002be58678e80 nmethod 16051 0x000002be4914b610 code [0x000002be4914b7a0, 0x000002be4914b878]
Event: 492.916 Thread 0x000002be58678e80 16052       3       sun.nio.ch.SocketOptionRegistry$RegistryKey::<init> (15 bytes)
Event: 492.916 Thread 0x000002be58678e80 nmethod 16052 0x000002be41709d90 code [0x000002be41709f40, 0x000002be4170a158]
Event: 492.916 Thread 0x000002be58678e80 16053       3       sun.nio.ch.SocketOptionRegistry$RegistryKey::hashCode (16 bytes)
Event: 492.916 Thread 0x000002be58678e80 nmethod 16053 0x000002be417eda10 code [0x000002be417edbc0, 0x000002be417ede78]
Event: 492.916 Thread 0x000002be58678e80 16054       3       com.mysql.cj.protocol.a.NativeProtocol::getNativeMessageBuilder (32 bytes)
Event: 492.916 Thread 0x000002be58678e80 nmethod 16054 0x000002be41674990 code [0x000002be41674b60, 0x000002be41674f38]
Event: 492.921 Thread 0x000002be58678e80 16055       3       org.apache.juli.logging.DirectJDKLog::isDebugEnabled (11 bytes)
Event: 492.921 Thread 0x000002be58678e80 nmethod 16055 0x000002be41887910 code [0x000002be41887ac0, 0x000002be41887d78]

GC Heap History (20 events):
Event: 8.832 GC heap before
{Heap before GC invocations=29 (full 0):
 garbage-first heap   total 145408K, used 114863K [0x0000000085200000, 0x0000000100000000)
  region size 1024K, 55 young (56320K), 6 survivors (6144K)
 Metaspace       used 81364K, committed 81920K, reserved 1179648K
  class space    used 11133K, committed 11392K, reserved 1048576K
}
Event: 8.834 GC heap after
{Heap after GC invocations=30 (full 0):
 garbage-first heap   total 226304K, used 62972K [0x0000000085200000, 0x0000000100000000)
  region size 1024K, 2 young (2048K), 2 survivors (2048K)
 Metaspace       used 81364K, committed 81920K, reserved 1179648K
  class space    used 11133K, committed 11392K, reserved 1048576K
}
Event: 10.924 GC heap before
{Heap before GC invocations=30 (full 0):
 garbage-first heap   total 226304K, used 176636K [0x0000000085200000, 0x0000000100000000)
  region size 1024K, 114 young (116736K), 2 survivors (2048K)
 Metaspace       used 89342K, committed 90048K, reserved 1179648K
  class space    used 12135K, committed 12480K, reserved 1048576K
}
Event: 10.932 GC heap after
{Heap after GC invocations=31 (full 0):
 garbage-first heap   total 226304K, used 70960K [0x0000000085200000, 0x0000000100000000)
  region size 1024K, 9 young (9216K), 9 survivors (9216K)
 Metaspace       used 89342K, committed 90048K, reserved 1179648K
  class space    used 12135K, committed 12480K, reserved 1048576K
}
Event: 21.774 GC heap before
{Heap before GC invocations=31 (full 0):
 garbage-first heap   total 226304K, used 174384K [0x0000000085200000, 0x0000000100000000)
  region size 1024K, 111 young (113664K), 9 survivors (9216K)
 Metaspace       used 99814K, committed 100928K, reserved 1179648K
  class space    used 13531K, committed 14080K, reserved 1048576K
}
Event: 21.828 GC heap after
{Heap after GC invocations=32 (full 0):
 garbage-first heap   total 226304K, used 81607K [0x0000000085200000, 0x0000000100000000)
  region size 1024K, 11 young (11264K), 11 survivors (11264K)
 Metaspace       used 99814K, committed 100928K, reserved 1179648K
  class space    used 13531K, committed 14080K, reserved 1048576K
}
Event: 68.174 GC heap before
{Heap before GC invocations=32 (full 0):
 garbage-first heap   total 226304K, used 176839K [0x0000000085200000, 0x0000000100000000)
  region size 1024K, 104 young (106496K), 11 survivors (11264K)
 Metaspace       used 102334K, committed 103552K, reserved 1179648K
  class space    used 13787K, committed 14336K, reserved 1048576K
}
Event: 68.188 GC heap after
{Heap after GC invocations=33 (full 0):
 garbage-first heap   total 226304K, used 83198K [0x0000000085200000, 0x0000000100000000)
  region size 1024K, 3 young (3072K), 3 survivors (3072K)
 Metaspace       used 102334K, committed 103552K, reserved 1179648K
  class space    used 13787K, committed 14336K, reserved 1048576K
}
Event: 123.780 GC heap before
{Heap before GC invocations=33 (full 0):
 garbage-first heap   total 226304K, used 181502K [0x0000000085200000, 0x0000000100000000)
  region size 1024K, 99 young (101376K), 3 survivors (3072K)
 Metaspace       used 102852K, committed 104064K, reserved 1179648K
  class space    used 13812K, committed 14400K, reserved 1048576K
}
Event: 123.785 GC heap after
{Heap after GC invocations=34 (full 0):
 garbage-first heap   total 226304K, used 84151K [0x0000000085200000, 0x0000000100000000)
  region size 1024K, 4 young (4096K), 4 survivors (4096K)
 Metaspace       used 102852K, committed 104064K, reserved 1179648K
  class space    used 13812K, committed 14400K, reserved 1048576K
}
Event: 189.046 GC heap before
{Heap before GC invocations=34 (full 0):
 garbage-first heap   total 226304K, used 184503K [0x0000000085200000, 0x0000000100000000)
  region size 1024K, 102 young (104448K), 4 survivors (4096K)
 Metaspace       used 102973K, committed 104192K, reserved 1179648K
  class space    used 13812K, committed 14400K, reserved 1048576K
}
Event: 189.049 GC heap after
{Heap after GC invocations=35 (full 0):
 garbage-first heap   total 226304K, used 83676K [0x0000000085200000, 0x0000000100000000)
  region size 1024K, 4 young (4096K), 4 survivors (4096K)
 Metaspace       used 102973K, committed 104192K, reserved 1179648K
  class space    used 13812K, committed 14400K, reserved 1048576K
}
Event: 250.993 GC heap before
{Heap before GC invocations=35 (full 0):
 garbage-first heap   total 226304K, used 187100K [0x0000000085200000, 0x0000000100000000)
  region size 1024K, 105 young (107520K), 4 survivors (4096K)
 Metaspace       used 103060K, committed 104256K, reserved 1179648K
  class space    used 13815K, committed 14400K, reserved 1048576K
}
Event: 250.999 GC heap after
{Heap after GC invocations=36 (full 0):
 garbage-first heap   total 226304K, used 83345K [0x0000000085200000, 0x0000000100000000)
  region size 1024K, 4 young (4096K), 4 survivors (4096K)
 Metaspace       used 103060K, committed 104256K, reserved 1179648K
  class space    used 13815K, committed 14400K, reserved 1048576K
}
Event: 286.441 GC heap before
{Heap before GC invocations=36 (full 0):
 garbage-first heap   total 226304K, used 187793K [0x0000000085200000, 0x0000000100000000)
  region size 1024K, 107 young (109568K), 4 survivors (4096K)
 Metaspace       used 105424K, committed 106688K, reserved 1179648K
  class space    used 14007K, committed 14592K, reserved 1048576K
}
Event: 286.457 GC heap after
{Heap after GC invocations=37 (full 0):
 garbage-first heap   total 226304K, used 84636K [0x0000000085200000, 0x0000000100000000)
  region size 1024K, 5 young (5120K), 5 survivors (5120K)
 Metaspace       used 105424K, committed 106688K, reserved 1179648K
  class space    used 14007K, committed 14592K, reserved 1048576K
}
Event: 339.456 GC heap before
{Heap before GC invocations=37 (full 0):
 garbage-first heap   total 226304K, used 190108K [0x0000000085200000, 0x0000000100000000)
  region size 1024K, 108 young (110592K), 5 survivors (5120K)
 Metaspace       used 105966K, committed 107264K, reserved 1179648K
  class space    used 14030K, committed 14656K, reserved 1048576K
}
Event: 339.461 GC heap after
{Heap after GC invocations=38 (full 0):
 garbage-first heap   total 226304K, used 84222K [0x0000000085200000, 0x0000000100000000)
  region size 1024K, 4 young (4096K), 4 survivors (4096K)
 Metaspace       used 105966K, committed 107264K, reserved 1179648K
  class space    used 14030K, committed 14656K, reserved 1048576K
}
Event: 444.853 GC heap before
{Heap before GC invocations=38 (full 0):
 garbage-first heap   total 226304K, used 192766K [0x0000000085200000, 0x0000000100000000)
  region size 1024K, 110 young (112640K), 4 survivors (4096K)
 Metaspace       used 105970K, committed 107264K, reserved 1179648K
  class space    used 14030K, committed 14656K, reserved 1048576K
}
Event: 444.864 GC heap after
{Heap after GC invocations=39 (full 0):
 garbage-first heap   total 226304K, used 84040K [0x0000000085200000, 0x0000000100000000)
  region size 1024K, 4 young (4096K), 4 survivors (4096K)
 Metaspace       used 105970K, committed 107264K, reserved 1179648K
  class space    used 14030K, committed 14656K, reserved 1048576K
}

Deoptimization events (20 events):
Event: 294.565 Thread 0x000002bea23eb100 Uncommon trap: trap_request=0xffffff45 fr.pc=0x000002be492092dc relative=0x000000000000005c
Event: 294.565 Thread 0x000002bea23eb100 Uncommon trap: reason=unstable_if action=reinterpret pc=0x000002be492092dc method=org.springframework.util.StringUtils.deleteAny(Ljava/lang/String;Ljava/lang/String;)Ljava/lang/String; @ 11 c2
Event: 294.565 Thread 0x000002bea23eb100 DEOPT PACKING pc=0x000002be492092dc sp=0x000000ebeb1f91a0
Event: 294.565 Thread 0x000002bea23eb100 DEOPT UNPACKING pc=0x000002be48b423a3 sp=0x000000ebeb1f9120 mode 2
Event: 294.574 Thread 0x000002bea23eb100 Uncommon trap: trap_request=0xffffff45 fr.pc=0x000002be4972eab0 relative=0x00000000000005b0
Event: 294.574 Thread 0x000002bea23eb100 Uncommon trap: reason=unstable_if action=reinterpret pc=0x000002be4972eab0 method=java.util.Properties.load0(Ljava/util/Properties$LineReader;)V @ 79 c2
Event: 294.574 Thread 0x000002bea23eb100 DEOPT PACKING pc=0x000002be4972eab0 sp=0x000000ebeb1f8530
Event: 294.574 Thread 0x000002bea23eb100 DEOPT UNPACKING pc=0x000002be48b423a3 sp=0x000000ebeb1f84d8 mode 2
Event: 294.588 Thread 0x000002bea23eb100 Uncommon trap: trap_request=0xffffff6e fr.pc=0x000002be49987344 relative=0x0000000000000984
Event: 294.588 Thread 0x000002bea23eb100 Uncommon trap: reason=loop_limit_check action=maybe_recompile pc=0x000002be49987344 method=org.thymeleaf.context.WebEngineContext$ExchangeAttributeMap.decreaseLevel()V @ 82 c2
Event: 294.588 Thread 0x000002bea23eb100 DEOPT PACKING pc=0x000002be49987344 sp=0x000000ebeb1f97c0
Event: 294.588 Thread 0x000002bea23eb100 DEOPT UNPACKING pc=0x000002be48b423a3 sp=0x000000ebeb1f9608 mode 2
Event: 294.737 Thread 0x000002bea23eb100 Uncommon trap: trap_request=0xffffff45 fr.pc=0x000002be4997e604 relative=0x00000000000000e4
Event: 294.737 Thread 0x000002bea23eb100 Uncommon trap: reason=unstable_if action=reinterpret pc=0x000002be4997e604 method=org.apache.catalina.connector.Response.isAppCommitted()Z @ 11 c2
Event: 294.737 Thread 0x000002bea23eb100 DEOPT PACKING pc=0x000002be4997e604 sp=0x000000ebeb1faf80
Event: 294.737 Thread 0x000002bea23eb100 DEOPT UNPACKING pc=0x000002be48b423a3 sp=0x000000ebeb1faf18 mode 2
Event: 294.740 Thread 0x000002bea23eb100 Uncommon trap: trap_request=0xffffff45 fr.pc=0x000002be49962568 relative=0x0000000000000628
Event: 294.740 Thread 0x000002bea23eb100 Uncommon trap: reason=unstable_if action=reinterpret pc=0x000002be49962568 method=org.apache.coyote.AbstractProcessor.action(Lorg/apache/coyote/ActionCode;Ljava/lang/Object;)V @ 8 c2
Event: 294.740 Thread 0x000002bea23eb100 DEOPT PACKING pc=0x000002be49962568 sp=0x000000ebeb1fe110
Event: 294.740 Thread 0x000002bea23eb100 DEOPT UNPACKING pc=0x000002be48b423a3 sp=0x000000ebeb1fe0a8 mode 2

Classes unloaded (5 events):
Event: 8.008 Thread 0x000002be5865a210 Unloading class 0x000002be5a9f4400 'jdk/internal/reflect/GeneratedSerializationConstructorAccessor5'
Event: 8.008 Thread 0x000002be5865a210 Unloading class 0x000002be5a9f4000 'jdk/internal/reflect/GeneratedSerializationConstructorAccessor4'
Event: 8.008 Thread 0x000002be5865a210 Unloading class 0x000002be5a9edc00 'jdk/internal/reflect/GeneratedSerializationConstructorAccessor3'
Event: 8.008 Thread 0x000002be5865a210 Unloading class 0x000002be5a9ed400 'jdk/internal/reflect/GeneratedSerializationConstructorAccessor2'
Event: 8.008 Thread 0x000002be5865a210 Unloading class 0x000002be5a9ec800 'jdk/internal/reflect/GeneratedSerializationConstructorAccessor1'

Classes redefined (0 events):
No events

Internal exceptions (20 events):
Event: 22.196 Thread 0x000002bea23ed470 Exception <a 'java/lang/NoSuchMethodError'{0x000000009264da30}: 'void java.lang.invoke.DirectMethodHandle$Holder.invokeInterface(java.lang.Object, java.lang.Object, java.lang.Object, int)'> (0x000000009264da30) 
thrown [s\open\src\hotspot\share\interpreter\linkResolver.cpp, line 759]
Event: 22.196 Thread 0x000002bea23ed470 Exception <a 'java/lang/NoSuchMethodError'{0x0000000092652018}: 'void java.lang.invoke.DirectMethodHandle$Holder.invokeSpecial(java.lang.Object, java.lang.Object, java.lang.Object, java.lang.Object, int)'> (0x0000000092652018) 
thrown [s\open\src\hotspot\share\interpreter\linkResolver.cpp, line 759]
Event: 22.196 Thread 0x000002bea23ed470 Exception <a 'java/lang/NoSuchMethodError'{0x0000000092655f68}: 'void java.lang.invoke.DelegatingMethodHandle$Holder.reinvoke_L(java.lang.Object, java.lang.Object, java.lang.Object, int)'> (0x0000000092655f68) 
thrown [s\open\src\hotspot\share\interpreter\linkResolver.cpp, line 759]
Event: 22.223 Thread 0x000002bea23ed470 Exception <a 'java/lang/ClassNotFoundException'{0x00000000926e1890}: nz/net/ultraq/thymeleaf/layoutdialect/models/ElementMergerBeanInfo> (0x00000000926e1890) 
thrown [s\open\src\hotspot\share\classfile\systemDictionary.cpp, line 256]
Event: 22.224 Thread 0x000002bea23ed470 Exception <a 'java/lang/ClassNotFoundException'{0x00000000926ead10}: nz/net/ultraq/thymeleaf/layoutdialect/models/ElementMergerCustomizer> (0x00000000926ead10) 
thrown [s\open\src\hotspot\share\classfile\systemDictionary.cpp, line 256]
Event: 22.259 Thread 0x000002bea23ed470 Exception <a 'java/lang/NoSuchMethodError'{0x00000000925ac288}: 'java.lang.Object java.lang.invoke.DirectMethodHandle$Holder.invokeStatic(java.lang.Object, java.lang.Object, java.lang.Object, java.lang.Object, int, java.lang.Object)'> (0x00000000925ac288) 
thrown [s\open\src\hotspot\share\interpreter\linkResolver.cpp, line 759]
Event: 22.259 Thread 0x000002bea23ed470 Exception <a 'java/lang/NoSuchMethodError'{0x00000000925b4108}: 'java.lang.Object java.lang.invoke.DirectMethodHandle$Holder.newInvokeSpecial(java.lang.Object, java.lang.Object, java.lang.Object, java.lang.Object, int)'> (0x00000000925b4108) 
thrown [s\open\src\hotspot\share\interpreter\linkResolver.cpp, line 759]
Event: 22.260 Thread 0x000002bea23ed470 Exception <a 'java/lang/NoSuchMethodError'{0x00000000925b85d8}: 'java.lang.Object java.lang.invoke.Invokers$Holder.linkToTargetMethod(java.lang.Object, java.lang.Object, java.lang.Object, int, java.lang.Object)'> (0x00000000925b85d8) 
thrown [s\open\src\hotspot\share\interpreter\linkResolver.cpp, line 759]
Event: 22.563 Thread 0x000002bea23ee8b0 Exception <a 'java/io/IOException'{0x0000000091ff0ed8}> (0x0000000091ff0ed8) 
thrown [s\open\src\hotspot\share\prims\jni.cpp, line 516]
Event: 24.225 Thread 0x000002bea23ec540 Implicit null exception at 0x000002be4973cdde to 0x000002be4973d9ec
Event: 24.271 Thread 0x000002bea23ec540 Exception <a 'java/lang/IncompatibleClassChangeError'{0x0000000091b1bb38}: Found class java.lang.Object, but interface was expected> (0x0000000091b1bb38) 
thrown [s\open\src\hotspot\share\interpreter\linkResolver.cpp, line 826]
Event: 24.570 Thread 0x000002bea23eedc0 Exception <a 'java/io/IOException'{0x00000000915a04b0}> (0x00000000915a04b0) 
thrown [s\open\src\hotspot\share\prims\jni.cpp, line 516]
Event: 70.842 Thread 0x000002bea23ecf60 Exception <a 'java/lang/NoSuchMethodError'{0x000000009293ff58}: 'java.lang.Object java.lang.invoke.DirectMethodHandle$Holder.invokeSpecial(java.lang.Object, java.lang.Object, long, int, int, int, int, int, int, int, int, int)'> (0x000000009293ff58) 
thrown [s\open\src\hotspot\share\interpreter\linkResolver.cpp, line 759]
Event: 70.842 Thread 0x000002bea23ecf60 Exception <a 'java/lang/NoSuchMethodError'{0x0000000092943ba8}: 'java.lang.Object java.lang.invoke.DelegatingMethodHandle$Holder.reinvoke_L(java.lang.Object, long, int, int, int, int, int, int, int, int, int)'> (0x0000000092943ba8) 
thrown [s\open\src\hotspot\share\interpreter\linkResolver.cpp, line 759]
Event: 261.597 Thread 0x000002bea23ed980 Exception <a 'java/lang/NoSuchMethodError'{0x00000000918d5f70}: 'java.lang.Object java.lang.invoke.DelegatingMethodHandle$Holder.delegate(java.lang.Object, int, java.lang.Object)'> (0x00000000918d5f70) 
thrown [s\open\src\hotspot\share\interpreter\linkResolver.cpp, line 759]
Event: 283.507 Thread 0x000002bea23ed980 Implicit null exception at 0x000002be498f787c to 0x000002be498f7bc4
Event: 283.793 Thread 0x000002bea0d3e920 Implicit null exception at 0x000002be498c6519 to 0x000002be498c6b98
Event: 284.266 Thread 0x000002bea23eedc0 Exception <a 'java/lang/NoSuchMethodError'{0x000000008cd3c5e8}: 'java.lang.Object java.lang.invoke.DirectMethodHandle$Holder.invokeStaticInit(java.lang.Object, int)'> (0x000000008cd3c5e8) 
thrown [s\open\src\hotspot\share\interpreter\linkResolver.cpp, line 759]
Event: 492.911 Thread 0x000002bea1fa69a0 Exception <a 'java/io/IOException'{0x00000000902e09f0}> (0x00000000902e09f0) 
thrown [s\open\src\hotspot\share\prims\jni.cpp, line 516]
Event: 492.912 Thread 0x000002bea1fa69a0 Exception <a 'java/io/IOException'{0x00000000902e1530}> (0x00000000902e1530) 
thrown [s\open\src\hotspot\share\prims\jni.cpp, line 516]

VM Operations (20 events):
Event: 292.496 Executing VM operation: Cleanup done
Event: 294.500 Executing VM operation: Cleanup
Event: 294.501 Executing VM operation: Cleanup done
Event: 294.740 Executing VM operation: HandshakeAllThreads
Event: 294.745 Executing VM operation: HandshakeAllThreads done
Event: 295.746 Executing VM operation: Cleanup
Event: 295.746 Executing VM operation: Cleanup done
Event: 300.718 Executing VM operation: HandshakeAllThreads
Event: 300.718 Executing VM operation: HandshakeAllThreads done
Event: 339.455 Executing VM operation: G1CollectForAllocation
Event: 339.461 Executing VM operation: G1CollectForAllocation done
Event: 444.853 Executing VM operation: G1CollectForAllocation
Event: 444.864 Executing VM operation: G1CollectForAllocation done
Event: 491.759 Executing VM operation: HandshakeAllThreads
Event: 491.759 Executing VM operation: HandshakeAllThreads done
Event: 491.759 Executing VM operation: Cleanup
Event: 491.760 Executing VM operation: Cleanup done
Event: 492.767 Executing VM operation: Cleanup
Event: 492.767 Executing VM operation: Cleanup done
Event: 493.780 Executing VM operation: Cleanup

Events (20 events):
Event: 492.896 loading class jdk/internal/reflect/UnsafeQualifiedFieldAccessorImpl done
Event: 492.896 loading class jdk/internal/reflect/UnsafeQualifiedObjectFieldAccessorImpl done
Event: 492.900 Thread 0x000002bea1fa69a0 Thread added: 0x000002bea1fa69a0
Event: 492.900 Thread 0x000002be9ef82290 Thread exited: 0x000002be9ef82290
Event: 492.903 loading class sun/security/ssl/Alert
Event: 492.907 loading class sun/security/ssl/Alert done
Event: 492.908 loading class sun/security/ssl/Alert$AlertConsumer
Event: 492.909 loading class sun/security/ssl/Alert$AlertConsumer done
Event: 492.909 loading class sun/security/ssl/Alert$Level
Event: 492.910 loading class sun/security/ssl/Alert$Level done
Event: 492.917 Thread 0x000002bea1fa69a0 Thread exited: 0x000002bea1fa69a0
Event: 492.924 loading class java/io/ObjectOutputStream$BlockDataOutputStream
Event: 492.927 loading class java/io/ObjectOutputStream$BlockDataOutputStream done
Event: 492.927 loading class java/io/ObjectOutputStream$HandleTable
Event: 492.928 loading class java/io/ObjectOutputStream$HandleTable done
Event: 492.928 loading class java/io/ObjectOutputStream$ReplaceTable
Event: 492.928 loading class java/io/ObjectOutputStream$ReplaceTable done
Event: 492.928 loading class java/io/Bits
Event: 492.928 loading class java/io/Bits done
Event: 492.929 loading class java/io/ObjectStreamClass


Dynamic libraries:
0x00007ff7c3810000 - 0x00007ff7c3820000 	C:\Program Files\Java\jdk-17\bin\java.exe
0x00007ffcb4860000 - 0x00007ffcb4ac9000 	C:\WINDOWS\SYSTEM32\ntdll.dll
0x00007ffcb3870000 - 0x00007ffcb3939000 	C:\WINDOWS\System32\KERNEL32.DLL
0x00007ffcb1b60000 - 0x00007ffcb1f53000 	C:\WINDOWS\System32\KERNELBASE.dll
0x00007ffcb2380000 - 0x00007ffcb24cb000 	C:\WINDOWS\System32\ucrtbase.dll
0x00007ffca6d80000 - 0x00007ffca6d99000 	C:\Program Files\Java\jdk-17\bin\jli.dll
0x00007ffca6d20000 - 0x00007ffca6d3b000 	C:\Program Files\Java\jdk-17\bin\VCRUNTIME140.dll
0x00007ffcb3f70000 - 0x00007ffcb4024000 	C:\WINDOWS\System32\ADVAPI32.dll
0x00007ffcb4030000 - 0x00007ffcb40d9000 	C:\WINDOWS\System32\msvcrt.dll
0x00007ffcb3e90000 - 0x00007ffcb3f36000 	C:\WINDOWS\System32\sechost.dll
0x00007ffcb3750000 - 0x00007ffcb3868000 	C:\WINDOWS\System32\RPCRT4.dll
0x00007ffcb3bf0000 - 0x00007ffcb3db4000 	C:\WINDOWS\System32\USER32.dll
0x00007ffcb1b30000 - 0x00007ffcb1b57000 	C:\WINDOWS\System32\win32u.dll
0x00007ffcb3f40000 - 0x00007ffcb3f6b000 	C:\WINDOWS\System32\GDI32.dll
0x00007ffc8ecb0000 - 0x00007ffc8ef43000 	C:\WINDOWS\WinSxS\amd64_microsoft.windows.common-controls_6595b64144ccf1df_6.0.26100.5074_none_3e0d6f78e32fd63f\COMCTL32.dll
0x00007ffcb20e0000 - 0x00007ffcb220d000 	C:\WINDOWS\System32\gdi32full.dll
0x00007ffcb19f0000 - 0x00007ffcb1a93000 	C:\WINDOWS\System32\msvcp_win.dll
0x00007ffca47c0000 - 0x00007ffca47cb000 	C:\WINDOWS\SYSTEM32\VERSION.dll
0x00007ffcb3710000 - 0x00007ffcb373f000 	C:\WINDOWS\System32\IMM32.DLL
0x00007ffcae4b0000 - 0x00007ffcae4bc000 	C:\Program Files\Java\jdk-17\bin\vcruntime140_1.dll
0x00007ffc8f880000 - 0x00007ffc8f90e000 	C:\Program Files\Java\jdk-17\bin\msvcp140.dll
0x00007ffc41c60000 - 0x00007ffc42840000 	C:\Program Files\Java\jdk-17\bin\server\jvm.dll
0x00007ffcb4810000 - 0x00007ffcb4818000 	C:\WINDOWS\System32\PSAPI.DLL
0x00007ffca5030000 - 0x00007ffca5065000 	C:\WINDOWS\SYSTEM32\WINMM.dll
0x00007ffca6d40000 - 0x00007ffca6d4a000 	C:\WINDOWS\SYSTEM32\WSOCK32.dll
0x00007ffcb3ae0000 - 0x00007ffcb3b54000 	C:\WINDOWS\System32\WS2_32.dll
0x00007ffcb07d0000 - 0x00007ffcb07eb000 	C:\WINDOWS\SYSTEM32\kernel.appcore.dll
0x00007ffcac700000 - 0x00007ffcac70a000 	C:\Program Files\Java\jdk-17\bin\jimage.dll
0x00007ffcaf080000 - 0x00007ffcaf2c2000 	C:\WINDOWS\SYSTEM32\DBGHELP.DLL
0x00007ffcb4320000 - 0x00007ffcb469b000 	C:\WINDOWS\System32\combase.dll
0x00007ffcb46a0000 - 0x00007ffcb4777000 	C:\WINDOWS\System32\OLEAUT32.dll
0x00007ffc8ca20000 - 0x00007ffc8ca5d000 	C:\WINDOWS\SYSTEM32\dbgcore.DLL
0x00007ffcb24d0000 - 0x00007ffcb2569000 	C:\WINDOWS\System32\bcryptPrimitives.dll
0x00007ffc924c0000 - 0x00007ffc924e5000 	C:\Program Files\Java\jdk-17\bin\java.dll
0x00007ffc8f620000 - 0x00007ffc8f6f7000 	C:\Program Files\Java\jdk-17\bin\jsvml.dll
0x00007ffcb2a30000 - 0x00007ffcb317d000 	C:\WINDOWS\System32\SHELL32.dll
0x00007ffcb2210000 - 0x00007ffcb237c000 	C:\WINDOWS\System32\wintypes.dll
0x00007ffcaf620000 - 0x00007ffcafe79000 	C:\WINDOWS\SYSTEM32\windows.storage.dll
0x00007ffcb3610000 - 0x00007ffcb3700000 	C:\WINDOWS\System32\SHCORE.dll
0x00007ffcb27c0000 - 0x00007ffcb2822000 	C:\WINDOWS\System32\shlwapi.dll
0x00007ffcb1910000 - 0x00007ffcb1939000 	C:\WINDOWS\SYSTEM32\profapi.dll
0x00007ffca6ce0000 - 0x00007ffca6cf9000 	C:\Program Files\Java\jdk-17\bin\net.dll
0x00007ffca4c20000 - 0x00007ffca4d3f000 	C:\WINDOWS\SYSTEM32\WINHTTP.dll
0x00007ffcb0d50000 - 0x00007ffcb0dbb000 	C:\WINDOWS\system32\mswsock.dll
0x00007ffc90040000 - 0x00007ffc90056000 	C:\Program Files\Java\jdk-17\bin\nio.dll
0x00007ffc8ff20000 - 0x00007ffc8ff38000 	C:\Program Files\Java\jdk-17\bin\zip.dll
0x00007ffcac510000 - 0x00007ffcac51a000 	C:\Program Files\Java\jdk-17\bin\management.dll
0x00007ffca6d10000 - 0x00007ffca6d1b000 	C:\Program Files\Java\jdk-17\bin\management_ext.dll
0x00007ffc9e750000 - 0x00007ffc9e75e000 	C:\Program Files\Java\jdk-17\bin\sunmscapi.dll
0x00007ffcb1f60000 - 0x00007ffcb20d7000 	C:\WINDOWS\System32\CRYPT32.dll
0x00007ffcb1210000 - 0x00007ffcb1240000 	C:\WINDOWS\SYSTEM32\ncrypt.dll
0x00007ffcb11c0000 - 0x00007ffcb11ff000 	C:\WINDOWS\SYSTEM32\NTASN1.dll
0x00007ffcb0ff0000 - 0x00007ffcb100b000 	C:\WINDOWS\SYSTEM32\CRYPTSP.dll
0x00007ffcb0730000 - 0x00007ffcb076b000 	C:\WINDOWS\system32\rsaenh.dll
0x00007ffcb0df0000 - 0x00007ffcb0e1b000 	C:\WINDOWS\SYSTEM32\USERENV.dll
0x00007ffcb18e0000 - 0x00007ffcb1906000 	C:\WINDOWS\SYSTEM32\bcrypt.dll
0x00007ffcb1010000 - 0x00007ffcb101c000 	C:\WINDOWS\SYSTEM32\CRYPTBASE.dll
0x00007ffcb0250000 - 0x00007ffcb0284000 	C:\WINDOWS\SYSTEM32\IPHLPAPI.DLL
0x00007ffcb2650000 - 0x00007ffcb265a000 	C:\WINDOWS\System32\NSI.dll
0x00007ffca88c0000 - 0x00007ffca88de000 	C:\WINDOWS\SYSTEM32\dhcpcsvc6.DLL
0x00007ffca8700000 - 0x00007ffca8723000 	C:\WINDOWS\SYSTEM32\dhcpcsvc.DLL
0x00007ffcb0290000 - 0x00007ffcb03b6000 	C:\WINDOWS\SYSTEM32\DNSAPI.dll
0x00007ffc9aef0000 - 0x00007ffc9af00000 	C:\Program Files\Java\jdk-17\bin\verify.dll
0x00007ffca8540000 - 0x00007ffca854b000 	C:\Windows\System32\rasadhlp.dll
0x00007ffca8bb0000 - 0x00007ffca8c36000 	C:\WINDOWS\System32\fwpuclnt.dll
0x00007ffc82800000 - 0x00007ffc82808000 	C:\WINDOWS\system32\wshunix.dll

dbghelp: loaded successfully - version: 4.0.5 - missing functions: none
symbol engine: initialized successfully - sym options: 0x614 - pdb path: .;C:\Program Files\Java\jdk-17\bin;C:\WINDOWS\SYSTEM32;C:\WINDOWS\WinSxS\amd64_microsoft.windows.common-controls_6595b64144ccf1df_6.0.26100.5074_none_3e0d6f78e32fd63f;C:\Program Files\Java\jdk-17\bin\server

VM Arguments:
jvm_args: -XX:+ShowCodeDetailsInExceptionMessages 
java_command: com.josiqq.safe.SafeApplication
java_class_path (initial): C:\Users\josiw\Desktop\SAFE\target\classes;C:\Users\josiw\.m2\repository\org\springframework\boot\spring-boot-starter-data-jpa\3.5.4\spring-boot-starter-data-jpa-3.5.4.jar;C:\Users\josiw\.m2\repository\org\springframework\boot\spring-boot-starter\3.5.4\spring-boot-starter-3.5.4.jar;C:\Users\josiw\.m2\repository\org\springframework\boot\spring-boot-starter-logging\3.5.4\spring-boot-starter-logging-3.5.4.jar;C:\Users\josiw\.m2\repository\ch\qos\logback\logback-classic\1.5.18\logback-classic-1.5.18.jar;C:\Users\josiw\.m2\repository\ch\qos\logback\logback-core\1.5.18\logback-core-1.5.18.jar;C:\Users\josiw\.m2\repository\org\apache\logging\log4j\log4j-to-slf4j\2.24.3\log4j-to-slf4j-2.24.3.jar;C:\Users\josiw\.m2\repository\org\apache\logging\log4j\log4j-api\2.24.3\log4j-api-2.24.3.jar;C:\Users\josiw\.m2\repository\org\slf4j\jul-to-slf4j\2.0.17\jul-to-slf4j-2.0.17.jar;C:\Users\josiw\.m2\repository\jakarta\annotation\jakarta.annotation-api\2.1.1\jakarta.annotation-api-2.1.1.jar;C:\Users\josiw\.m2\repository\org\yaml\snakeyaml\2.4\snakeyaml-2.4.jar;C:\Users\josiw\.m2\repository\org\springframework\boot\spring-boot-starter-jdbc\3.5.4\spring-boot-starter-jdbc-3.5.4.jar;C:\Users\josiw\.m2\repository\com\zaxxer\HikariCP\6.3.1\HikariCP-6.3.1.jar;C:\Users\josiw\.m2\repository\org\springframework\spring-jdbc\6.2.9\spring-jdbc-6.2.9.jar;C:\Users\josiw\.m2\repository\org\hibernate\orm\hibernate-core\6.6.22.Final\hibernate-core-6.6.22.Final.jar;C:\Users\josiw\.m2\repository\jakarta\persistence\jakarta.persistence-api\3.1.0\jakarta.persistence-api-3.1.0.jar;C:\Users\josiw\.m2\repository\jakarta\transaction\jakarta.transaction-api\2.0.1\jakarta.transaction-api-2.0.1.jar;C:\Users\josiw\.m2\repository\org\jboss\logging\jboss-logging\3.6.1.Final\jboss-logging-3.6.1.Final.jar;C:\Users\josiw\.m2\repository\org\hibernate\common\hibernate-commons-annotations\7.0.3.Final\hibernate-commons-annotations-7.0.3.Final.jar;C:\Users\josiw\.m2\repository\io\smallrye\jandex\3
Launcher Type: SUN_STANDARD

[Global flags]
     intx CICompilerCount                          = 4                                         {product} {ergonomic}
     uint ConcGCThreads                            = 3                                         {product} {ergonomic}
     uint G1ConcRefinementThreads                  = 10                                        {product} {ergonomic}
   size_t G1HeapRegionSize                         = 1048576                                   {product} {ergonomic}
    uintx GCDrainStackTargetSize                   = 64                                        {product} {ergonomic}
   size_t InitialHeapSize                          = 130023424                                 {product} {ergonomic}
   size_t MarkStackSize                            = 4194304                                   {product} {ergonomic}
   size_t MaxHeapSize                              = 2061500416                                {product} {ergonomic}
   size_t MaxNewSize                               = 1236271104                                {product} {ergonomic}
   size_t MinHeapDeltaBytes                        = 1048576                                   {product} {ergonomic}
   size_t MinHeapSize                              = 8388608                                   {product} {ergonomic}
    uintx NonNMethodCodeHeapSize                   = 5839372                                {pd product} {ergonomic}
    uintx NonProfiledCodeHeapSize                  = 122909434                              {pd product} {ergonomic}
    uintx ProfiledCodeHeapSize                     = 122909434                              {pd product} {ergonomic}
    uintx ReservedCodeCacheSize                    = 251658240                              {pd product} {ergonomic}
     bool SegmentedCodeCache                       = true                                      {product} {ergonomic}
     bool ShowCodeDetailsInExceptionMessages       = true                                   {manageable} {command line}
   size_t SoftMaxHeapSize                          = 2061500416                             {manageable} {ergonomic}
     bool UseCompressedClassPointers               = true                           {product lp64_product} {ergonomic}
     bool UseCompressedOops                        = true                           {product lp64_product} {ergonomic}
     bool UseG1GC                                  = true                                      {product} {ergonomic}
     bool UseLargePagesIndividualAllocation        = false                                  {pd product} {ergonomic}

Logging:
Log output configuration:
 #0: stdout all=warning uptime,level,tags
 #1: stderr all=off uptime,level,tags

Environment Variables:
PATH=C:\Program Files\Common Files\Oracle\Java\javapath;C:\windows\system32;C:\windows;C:\windows\System32\Wbem;C:\windows\System32\WindowsPowerShell\v1.0\;C:\windows\System32\OpenSSH\;C:\Program Files (x86)\NVIDIA Corporation\PhysX\Common;C:\Program Files\NVIDIA Corporation\NVIDIA NvDLISR;C:\WINDOWS\system32;C:\WINDOWS;C:\WINDOWS\System32\Wbem;C:\WINDOWS\System32\WindowsPowerShell\v1.0\;C:\WINDOWS\System32\OpenSSH\;C:\Program Files\Git\cmd;C:\Users\josiw\Downloads\apache-maven-3.9.11\bin;C:\Program Files\nodejs\;C:\Users\josiw\AppData\Local\Programs\Python\Python313\Scripts\;C:\Users\josiw\AppData\Local\Programs\Python\Python313\;C:\Users\josiw\AppData\Local\Microsoft\WindowsApps;C:\Users\josiw\AppData\Local\Programs\Windsurf\bin;C:\Users\josiw\AppData\Local\spicetify;C:\Users\josiw\AppData\Roaming\npm
USERNAME=josiw
LANG=es_ES.UTF-8
OS=Windows_NT
PROCESSOR_IDENTIFIER=Intel64 Family 6 Model 154 Stepping 3, GenuineIntel



---------------  S Y S T E M  ---------------

OS:
 Windows 11 , 64 bit Build 26100 (10.0.26100.5074)
OS uptime: 0 days 2:55 hours
Hyper-V role detected

CPU: total 12 (initial active 12) (6 cores per cpu, 2 threads per core) family 6 model 154 stepping 3 microcode 0x437, cx8, cmov, fxsr, ht, mmx, 3dnowpref, sse, sse2, sse3, ssse3, sse4.1, sse4.2, popcnt, lzcnt, tsc, tscinvbit, avx, avx2, aes, erms, clmul, bmi1, bmi2, adx, sha, fma, vzeroupper, clflush, clflushopt, clwb, hv

Memory: 4k page, system-wide physical 7860M (708M free)
TotalPageFile size 16052M (AvailPageFile size 2M)
current process WorkingSet (physical memory assigned to process): 242M, peak: 513M
current process commit charge ("private bytes"): 514M, peak: 558M

vm_info: Java HotSpot(TM) 64-Bit Server VM (17.0.12+8-LTS-286) for windows-amd64 JRE (17.0.12+8-LTS-286), built on Jun  5 2024 06:46:59 by "mach5one" with MS VC++ 17.6 (VS2022)

END.
